#
# A fatal error has been detected by the Java Runtime Environment:
#
#  SIGSEGV (0xb) at pc=0x00007f9564f331a0, pid=8423, tid=140278548166400
#
# JRE version: 7.0_25-b30
# Java VM: OpenJDK 64-Bit Server VM (23.7-b01 mixed mode linux-amd64 compressed oops)
# Problematic frame:
# C  [libc.so.6+0x1491a0]  __nss_hosts_lookup+0xfeb0
#
# Failed to write core dump. Core dumps have been disabled. To enable core dumping, try "ulimit -c unlimited" before starting Java again
#
# If you would like to submit a bug report, please include
# instructions on how to reproduce the bug and visit:
#   https://bugs.launchpad.net/ubuntu/+source/openjdk-7/
# The crash happened outside the Java Virtual Machine in native code.
# See problematic frame for where to report the bug.
#

---------------  T H R E A D  ---------------

Current thread (0x00007f955c503000):  JavaThread "AWT-EventQueue-0" [_thread_in_native, id=8439, stack(0x00007f9524f87000,0x00007f9525088000)]

siginfo:si_signo=SIGSEGV: si_errno=0, si_code=128 (), si_addr=0x0000000000000000

Registers:
RAX=0x00000000f08a9228, RBX=0x000000000000012a, RCX=0x00000000000001f5, RDX=0x0000000000000020
RSP=0x00007f9525084538, RBP=0x00007f9525084580, RSI=0x00000000f08a9228, RDI=0x00000000f08a9248
R8 =0x00007f9525084610, R9 =0x00007f9564f331a0, R10=0xffffffffffffffff, R11=0x00007f9564f773e0
R12=0x00000000f08a9228, R13=0x00000000f08a9208, R14=0x0000000000001558, R15=0x0000000000000020
RIP=0x00007f9564f331a0, EFLAGS=0x0000000000010207, CSGSFS=0x0000000000000033, ERR=0x0000000000000000
  TRAPNO=0x000000000000000d

Top of Stack: (sp=0x00007f9525084538)
0x00007f9525084538:   00007f95580b234e 00007f955c5031d8
0x00007f9525084548:   0000000000001558 00007f9525084580
0x00007f9525084558:   00007f955c5031d8 00000000fffffff8
0x00007f9525084568:   00007f95582f0e60 0000000000000000
0x00007f9525084578:   0000000000859170 00007f9525084780
0x00007f9525084588:   00007f9558079e43 00007f95582f0e60
0x00007f9525084598:   00007f95250845c0 00000000e71bd230
0x00007f95250845a8:   0000000000859170 fffffff800000184
0x00007f95250845b8:   00007f950000017c 00000000fc561850
0x00007f95250845c8:   00007f9559006158 0000005b00000184
0x00007f95250845d8:   000002500000018c 0000005b00000184
0x00007f95250845e8:   000002500000018c 00007f9500000000
0x00007f95250845f8:   0000000000000000 0000000000000001
0x00007f9525084608:   0000000000000000 0000005b0000017c
0x00007f9525084618:   0000025000000184 00000000f0720908
0x00007f9525084628:   0000000400000000 0000000000001558
0x00007f9525084638:   0000000000000000 0000000000000000
0x00007f9525084648:   0000000000000000 0000000000000000
0x00007f9525084658:   0000000000000000 0000000000000000
0x00007f9525084668:   00007f9500000001 00000000f0720908
0x00007f9525084678:   0000000000000000 0000000000000000
0x00007f9525084688:   00000000fc561850 00000000f0172988
0x00007f9525084698:   00007f9525084698 00000000e64918d5
0x00007f95250846a8:   00007f9525084700 0000005b00000184
0x00007f95250846b8:   000002500000018c 00000000f0720908
0x00007f95250846c8:   0000000400000000 0000000000001558
0x00007f95250846d8:   0000000000000000 0000000000000000
0x00007f95250846e8:   0000000000000000 0000000000000000
0x00007f95250846f8:   0000000000000000 00000000f0172988
0x00007f9525084708:   0000000000000002 00000000f0720908
0x00007f9525084718:   0000000000000000 0000000000000000
0x00007f9525084728:   00007f95250847a8 00000000e6492308 

Instructions: (pc=0x00007f9564f331a0)
0x00007f9564f33180:   48 8b 56 f8 4c 89 47 d8 4c 89 4f e0 4c 89 57 e8
0x00007f9564f33190:   4c 89 5f f0 48 89 57 f8 c3 0f 1f 80 00 00 00 00
0x00007f9564f331a0:   4c 8b 4e e0 4c 8b 56 e8 4c 8b 5e f0 48 8b 56 f8
0x00007f9564f331b0:   4c 89 4f e0 4c 89 57 e8 4c 89 5f f0 48 89 57 f8 

Register to memory mapping:

RAX=0x00000000f08a9228 is an oop
[I 
 - klass: {type array int}
 - length: 1016304
RBX=0x000000000000012a is an unknown value
RCX=0x00000000000001f5 is an unknown value
RDX=0x0000000000000020 is an unknown value
RSP=0x00007f9525084538 is pointing into the stack for thread: 0x00007f955c503000
RBP=0x00007f9525084580 is pointing into the stack for thread: 0x00007f955c503000
RSI=0x00000000f08a9228 is an oop
[I 
 - klass: {type array int}
 - length: 1016304
RDI=0x00000000f08a9248 is an oop
[I 
 - klass: {type array int}
 - length: 1016304
R8 =0x00007f9525084610 is pointing into the stack for thread: 0x00007f955c503000
R9 =0x00007f9564f331a0: <offset 0x1491a0> in /lib/x86_64-linux-gnu/libc.so.6 at 0x00007f9564dea000
R10=0xffffffffffffffff is an unknown value
R11=0x00007f9564f773e0: <offset 0x18d3e0> in /lib/x86_64-linux-gnu/libc.so.6 at 0x00007f9564dea000
R12=0x00000000f08a9228 is an oop
[I 
 - klass: {type array int}
 - length: 1016304
R13=0x00000000f08a9208 is an oop
[I 
 - klass: {type array int}
 - length: 1016304
R14=0x0000000000001558 is an unknown value
R15=0x0000000000000020 is an unknown value


Stack: [0x00007f9524f87000,0x00007f9525088000],  sp=0x00007f9525084538,  free space=1013k
Native frames: (J=compiled Java code, j=interpreted, Vv=VM code, C=native code)
C  [libc.so.6+0x1491a0]  __nss_hosts_lookup+0xfeb0
C  [libawt.so+0x32e43]  Java_sun_java2d_loops_Blit_Blit+0x333
j  sun.java2d.loops.Blit.Blit(Lsun/java2d/SurfaceData;Lsun/java2d/SurfaceData;Ljava/awt/Composite;Lsun/java2d/pipe/Region;IIIIII)V+0
j  sun.java2d.SunGraphics2D.doCopyArea(IIIIII)V+216
j  sun.java2d.SunGraphics2D.copyArea(IIIIII)V+10
j  javax.swing.BufferStrategyPaintManager.copyArea(Ljavax/swing/JComponent;Ljava/awt/Graphics;IIIIIIZ)V+135
j  javax.swing.RepaintManager.copyArea(Ljavax/swing/JComponent;Ljava/awt/Graphics;IIIIIIZ)V+19
j  javax.swing.JViewport.blitDoubleBuffered(Ljavax/swing/JComponent;Ljava/awt/Graphics;IIIIIIIIII)V+37
j  javax.swing.JViewport.windowBlitPaint(Ljava/awt/Graphics;)Z+269
j  javax.swing.JViewport.setViewPosition(Ljava/awt/Point;)V+207
j  javax.swing.plaf.basic.BasicScrollPaneUI$Handler.hsbStateChanged(Ljavax/swing/JViewport;Ljavax/swing/event/ChangeEvent;)V+151
j  javax.swing.plaf.basic.BasicScrollPaneUI$Handler.stateChanged(Ljavax/swing/event/ChangeEvent;)V+62
j  javax.swing.DefaultBoundedRangeModel.fireStateChanged()V+57
j  javax.swing.DefaultBoundedRangeModel.setRangeProperties(IIIIZ)V+130
j  javax.swing.DefaultBoundedRangeModel.setValue(I)V+62
j  javax.swing.JScrollBar.setValue(I)V+14
j  javax.swing.plaf.basic.BasicScrollBarUI$TrackListener.setValueFrom(Ljava/awt/event/MouseEvent;)V+482
j  javax.swing.plaf.basic.BasicScrollBarUI$TrackListener.mouseDragged(Ljava/awt/event/MouseEvent;)V+64
j  java.awt.Component.processMouseMotionEvent(Ljava/awt/event/MouseEvent;)V+52
j  javax.swing.JComponent.processMouseMotionEvent(Ljava/awt/event/MouseEvent;)V+42
j  java.awt.Component.processEvent(Ljava/awt/AWTEvent;)V+92
j  java.awt.Container.processEvent(Ljava/awt/AWTEvent;)V+18
j  java.awt.Component.dispatchEventImpl(Ljava/awt/AWTEvent;)V+581
j  java.awt.Container.dispatchEventImpl(Ljava/awt/AWTEvent;)V+42
j  java.awt.Component.dispatchEvent(Ljava/awt/AWTEvent;)V+2
j  java.awt.LightweightDispatcher.retargetMouseEvent(Ljava/awt/Component;ILjava/awt/event/MouseEvent;)V+327
j  java.awt.LightweightDispatcher.processMouseEvent(Ljava/awt/event/MouseEvent;)Z+191
j  java.awt.LightweightDispatcher.dispatchEvent(Ljava/awt/AWTEvent;)Z+50
j  java.awt.Container.dispatchEventImpl(Ljava/awt/AWTEvent;)V+12
j  java.awt.Window.dispatchEventImpl(Ljava/awt/AWTEvent;)V+19
j  java.awt.Component.dispatchEvent(Ljava/awt/AWTEvent;)V+2
j  java.awt.EventQueue.dispatchEventImpl(Ljava/awt/AWTEvent;Ljava/lang/Object;)V+41
j  java.awt.EventQueue.access$200(Ljava/awt/EventQueue;Ljava/awt/AWTEvent;Ljava/lang/Object;)V+3
j  java.awt.EventQueue$3.run()Ljava/lang/Void;+12
j  java.awt.EventQueue$3.run()Ljava/lang/Object;+1
v  ~StubRoutines::call_stub
V  [libjvm.so+0x52801c]  JavaCalls::call_helper(JavaValue*, methodHandle*, JavaCallArguments*, Thread*)+0x32c
V  [libjvm.so+0x527ac5]  JavaCalls::call(JavaValue*, methodHandle, JavaCallArguments*, Thread*)+0x25
V  [libjvm.so+0x56ee38]  JVM_DoPrivileged+0x438
j  java.security.AccessController.doPrivileged(Ljava/security/PrivilegedAction;Ljava/security/AccessControlContext;)Ljava/lang/Object;+0
j  java.security.ProtectionDomain$1.doIntersectionPrivilege(Ljava/security/PrivilegedAction;Ljava/security/AccessControlContext;Ljava/security/AccessControlContext;)Ljava/lang/Object;+28
j  java.security.ProtectionDomain$1.doIntersectionPrivilege(Ljava/security/PrivilegedAction;Ljava/security/AccessControlContext;)Ljava/lang/Object;+6
j  java.awt.EventQueue$4.run()Ljava/lang/Void;+11
j  java.awt.EventQueue$4.run()Ljava/lang/Object;+1
v  ~StubRoutines::call_stub
V  [libjvm.so+0x52801c]  JavaCalls::call_helper(JavaValue*, methodHandle*, JavaCallArguments*, Thread*)+0x32c
V  [libjvm.so+0x527ac5]  JavaCalls::call(JavaValue*, methodHandle, JavaCallArguments*, Thread*)+0x25
V  [libjvm.so+0x56ee38]  JVM_DoPrivileged+0x438
j  java.security.AccessController.doPrivileged(Ljava/security/PrivilegedAction;Ljava/security/AccessControlContext;)Ljava/lang/Object;+0
j  java.security.ProtectionDomain$1.doIntersectionPrivilege(Ljava/security/PrivilegedAction;Ljava/security/AccessControlContext;Ljava/security/AccessControlContext;)Ljava/lang/Object;+28
j  java.awt.EventQueue.dispatchEvent(Ljava/awt/AWTEvent;)V+73
j  java.awt.EventDispatchThread.pumpOneEventForFilters(I)V+245
j  java.awt.EventDispatchThread.pumpEventsForFilter(ILjava/awt/Conditional;Ljava/awt/EventFilter;)V+35
j  java.awt.EventDispatchThread.pumpEventsForHierarchy(ILjava/awt/Conditional;Ljava/awt/Component;)V+11
j  java.awt.EventDispatchThread.pumpEvents(ILjava/awt/Conditional;)V+4
j  java.awt.EventDispatchThread.pumpEvents(Ljava/awt/Conditional;)V+3
j  java.awt.EventDispatchThread.run()V+9
v  ~StubRoutines::call_stub
V  [libjvm.so+0x52801c]  JavaCalls::call_helper(JavaValue*, methodHandle*, JavaCallArguments*, Thread*)+0x32c
V  [libjvm.so+0x52729a]  JavaCalls::call_virtual(JavaValue*, KlassHandle, Symbol*, Symbol*, JavaCallArguments*, Thread*)+0x1aa
V  [libjvm.so+0x5272ef]  JavaCalls::call_virtual(JavaValue*, Handle, KlassHandle, Symbol*, Symbol*, Thread*)+0x4f
V  [libjvm.so+0x55e70f]  thread_entry(JavaThread*, Thread*)+0xdf
V  [libjvm.so+0x80f7c2]  JavaThread::thread_main_inner()+0xf2
V  [libjvm.so+0x6f3312]  java_start(Thread*)+0xf2

Java frames: (J=compiled Java code, j=interpreted, Vv=VM code)
j  sun.java2d.loops.Blit.Blit(Lsun/java2d/SurfaceData;Lsun/java2d/SurfaceData;Ljava/awt/Composite;Lsun/java2d/pipe/Region;IIIIII)V+0
j  sun.java2d.SunGraphics2D.doCopyArea(IIIIII)V+216
j  sun.java2d.SunGraphics2D.copyArea(IIIIII)V+10
j  javax.swing.BufferStrategyPaintManager.copyArea(Ljavax/swing/JComponent;Ljava/awt/Graphics;IIIIIIZ)V+135
j  javax.swing.RepaintManager.copyArea(Ljavax/swing/JComponent;Ljava/awt/Graphics;IIIIIIZ)V+19
j  javax.swing.JViewport.blitDoubleBuffered(Ljavax/swing/JComponent;Ljava/awt/Graphics;IIIIIIIIII)V+37
j  javax.swing.JViewport.windowBlitPaint(Ljava/awt/Graphics;)Z+269
j  javax.swing.JViewport.setViewPosition(Ljava/awt/Point;)V+207
j  javax.swing.plaf.basic.BasicScrollPaneUI$Handler.hsbStateChanged(Ljavax/swing/JViewport;Ljavax/swing/event/ChangeEvent;)V+151
j  javax.swing.plaf.basic.BasicScrollPaneUI$Handler.stateChanged(Ljavax/swing/event/ChangeEvent;)V+62
j  javax.swing.DefaultBoundedRangeModel.fireStateChanged()V+57
j  javax.swing.DefaultBoundedRangeModel.setRangeProperties(IIIIZ)V+130
j  javax.swing.DefaultBoundedRangeModel.setValue(I)V+62
j  javax.swing.JScrollBar.setValue(I)V+14
j  javax.swing.plaf.basic.BasicScrollBarUI$TrackListener.setValueFrom(Ljava/awt/event/MouseEvent;)V+482
j  javax.swing.plaf.basic.BasicScrollBarUI$TrackListener.mouseDragged(Ljava/awt/event/MouseEvent;)V+64
j  java.awt.Component.processMouseMotionEvent(Ljava/awt/event/MouseEvent;)V+52
j  javax.swing.JComponent.processMouseMotionEvent(Ljava/awt/event/MouseEvent;)V+42
j  java.awt.Component.processEvent(Ljava/awt/AWTEvent;)V+92
j  java.awt.Container.processEvent(Ljava/awt/AWTEvent;)V+18
j  java.awt.Component.dispatchEventImpl(Ljava/awt/AWTEvent;)V+581
j  java.awt.Container.dispatchEventImpl(Ljava/awt/AWTEvent;)V+42
j  java.awt.Component.dispatchEvent(Ljava/awt/AWTEvent;)V+2
j  java.awt.LightweightDispatcher.retargetMouseEvent(Ljava/awt/Component;ILjava/awt/event/MouseEvent;)V+327
j  java.awt.LightweightDispatcher.processMouseEvent(Ljava/awt/event/MouseEvent;)Z+191
j  java.awt.LightweightDispatcher.dispatchEvent(Ljava/awt/AWTEvent;)Z+50
j  java.awt.Container.dispatchEventImpl(Ljava/awt/AWTEvent;)V+12
j  java.awt.Window.dispatchEventImpl(Ljava/awt/AWTEvent;)V+19
j  java.awt.Component.dispatchEvent(Ljava/awt/AWTEvent;)V+2
j  java.awt.EventQueue.dispatchEventImpl(Ljava/awt/AWTEvent;Ljava/lang/Object;)V+41
j  java.awt.EventQueue.access$200(Ljava/awt/EventQueue;Ljava/awt/AWTEvent;Ljava/lang/Object;)V+3
j  java.awt.EventQueue$3.run()Ljava/lang/Void;+12
j  java.awt.EventQueue$3.run()Ljava/lang/Object;+1
v  ~StubRoutines::call_stub
j  java.security.AccessController.doPrivileged(Ljava/security/PrivilegedAction;Ljava/security/AccessControlContext;)Ljava/lang/Object;+0
j  java.security.ProtectionDomain$1.doIntersectionPrivilege(Ljava/security/PrivilegedAction;Ljava/security/AccessControlContext;Ljava/security/AccessControlContext;)Ljava/lang/Object;+28
j  java.security.ProtectionDomain$1.doIntersectionPrivilege(Ljava/security/PrivilegedAction;Ljava/security/AccessControlContext;)Ljava/lang/Object;+6
j  java.awt.EventQueue$4.run()Ljava/lang/Void;+11
j  java.awt.EventQueue$4.run()Ljava/lang/Object;+1
v  ~StubRoutines::call_stub
j  java.security.AccessController.doPrivileged(Ljava/security/PrivilegedAction;Ljava/security/AccessControlContext;)Ljava/lang/Object;+0
j  java.security.ProtectionDomain$1.doIntersectionPrivilege(Ljava/security/PrivilegedAction;Ljava/security/AccessControlContext;Ljava/security/AccessControlContext;)Ljava/lang/Object;+28
j  java.awt.EventQueue.dispatchEvent(Ljava/awt/AWTEvent;)V+73
j  java.awt.EventDispatchThread.pumpOneEventForFilters(I)V+245
j  java.awt.EventDispatchThread.pumpEventsForFilter(ILjava/awt/Conditional;Ljava/awt/EventFilter;)V+35
j  java.awt.EventDispatchThread.pumpEventsForHierarchy(ILjava/awt/Conditional;Ljava/awt/Component;)V+11
j  java.awt.EventDispatchThread.pumpEvents(ILjava/awt/Conditional;)V+4
j  java.awt.EventDispatchThread.pumpEvents(Ljava/awt/Conditional;)V+3
j  java.awt.EventDispatchThread.run()V+9
v  ~StubRoutines::call_stub

---------------  P R O C E S S  ---------------

Java Threads: ( => current thread )
  0x00007f955c009000 JavaThread "DestroyJavaVM" [_thread_blocked, id=8424, stack(0x00007f95654c5000,0x00007f95655c6000)]
  0x00000000007f8800 JavaThread "TimerQueue" daemon [_thread_blocked, id=8571, stack(0x00007f952585a000,0x00007f952595b000)]
  0x00007f955c83f000 JavaThread "Timer-2" daemon [_thread_blocked, id=8545, stack(0x00007f952595b000,0x00007f9525a5c000)]
  0x00007f955c838800 JavaThread "Timer-1" [_thread_blocked, id=8544, stack(0x00007f9525a5c000,0x00007f9525b5d000)]
  0x00000000007f5800 JavaThread "Timer-0" [_thread_blocked, id=8512, stack(0x00007f9525b5d000,0x00007f9525c5e000)]
=>0x00007f955c503000 JavaThread "AWT-EventQueue-0" [_thread_in_native, id=8439, stack(0x00007f9524f87000,0x00007f9525088000)]
  0x00007f955c4ff800 JavaThread "AWT-Shutdown" [_thread_blocked, id=8438, stack(0x00007f9525088000,0x00007f9525189000)]
  0x00007f955c337000 JavaThread "AWT-XAWT" daemon [_thread_in_native, id=8436, stack(0x00007f952652d000,0x00007f952662e000)]
  0x00007f955c2f6000 JavaThread "Java2D Disposer" daemon [_thread_blocked, id=8435, stack(0x00007f952662e000,0x00007f952672f000)]
  0x00007f955c10f000 JavaThread "Service Thread" daemon [_thread_blocked, id=8433, stack(0x00007f955841a000,0x00007f955851b000)]
  0x00007f955c10c800 JavaThread "C2 CompilerThread1" daemon [_thread_blocked, id=8432, stack(0x00007f955851b000,0x00007f955861c000)]
  0x00007f955c109800 JavaThread "C2 CompilerThread0" daemon [_thread_blocked, id=8431, stack(0x00007f955861c000,0x00007f955871d000)]
  0x00007f955c107800 JavaThread "Signal Dispatcher" daemon [_thread_blocked, id=8430, stack(0x00007f955871d000,0x00007f955881e000)]
  0x00007f955c0ae000 JavaThread "Finalizer" daemon [_thread_blocked, id=8429, stack(0x00007f9558eff000,0x00007f9559000000)]
  0x00007f955c0ab800 JavaThread "Reference Handler" daemon [_thread_blocked, id=8428, stack(0x00007f95600c4000,0x00007f95601c5000)]

Other Threads:
  0x00007f955c0a3800 VMThread [stack: 0x00007f95601c5000,0x00007f95602c6000] [id=8427]
  0x00007f955c119800 WatcherThread [stack: 0x00007f9558319000,0x00007f955841a000] [id=8434]

VM state:not at safepoint (normal execution)

VM Mutex/Monitor currently owned by a thread: None

Heap
 PSYoungGen      total 67968K, used 28530K [0x00000000faab0000, 0x00000000ffda0000, 0x0000000100000000)
  eden space 50432K, 55% used [0x00000000faab0000,0x00000000fc6339f0,0x00000000fdbf0000)
  from space 17536K, 2% used [0x00000000fec80000,0x00000000fecd9080,0x00000000ffda0000)
  to   space 16960K, 0% used [0x00000000fdbf0000,0x00000000fdbf0000,0x00000000fec80000)
 ParOldGen       total 64640K, used 21669K [0x00000000f0000000, 0x00000000f3f20000, 0x00000000faab0000)
  object space 64640K, 33% used [0x00000000f0000000,0x00000000f15297b0,0x00000000f3f20000)
 PSPermGen       total 48192K, used 24438K [0x00000000e5a00000, 0x00000000e8910000, 0x00000000f0000000)
  object space 48192K, 50% used [0x00000000e5a00000,0x00000000e71ddb98,0x00000000e8910000)

Card table byte_map: [0x00007f9562179000,0x00007f956224d000] byte_map_base: 0x00007f9561a4c000

Polling page: 0x00007f95655e0000

Code Cache  [0x00007f9559000000, 0x00007f9559270000, 0x00007f955c000000)
 total_blobs=1095 nmethods=529 adapters=517 free_code_cache=47426Kb largest_free_block=48522304

Compilation events (10 events):
Event: 154,663 Thread 0x00007f955c109800  540             sun.awt.SunHints$Value::isCompatibleKey (14 bytes)
Event: 154,665 Thread 0x00007f955c109800 nmethod 540 0x00007f95591a7850 code [0x00007f95591a7980, 0x00007f95591a79f8]
Event: 154,975 Thread 0x00007f955c10c800  541   !         javax.swing.JComponent::getClientProperty (56 bytes)
Event: 155,002 Thread 0x00007f955c10c800 nmethod 541 0x00007f95591afc90 code [0x00007f95591afe20, 0x00007f95591b04c8]
Event: 155,102 Thread 0x00007f955c109800  542             java.util.TimSort::mergeLo (655 bytes)
Event: 155,107 Thread 0x00007f955c10c800  543             java.awt.Point::<init> (13 bytes)
Event: 155,109 Thread 0x00007f955c10c800 nmethod 543 0x00007f95591afa50 code [0x00007f95591afb80, 0x00007f95591afbf8]
Event: 155,232 Thread 0x00007f955c109800 nmethod 542 0x00007f95591b3f10 code [0x00007f95591b4140, 0x00007f95591b58d8]
Event: 160,426 Thread 0x00007f955c10c800  544             sun.awt.SunHints$Key::getIndex (5 bytes)
Event: 160,427 Thread 0x00007f955c10c800 nmethod 544 0x00007f95591af850 code [0x00007f95591af980, 0x00007f95591af9d8]

GC Heap History (10 events):
Event: 127,554 GC heap before
{Heap before GC invocations=9 (full 1):
 PSYoungGen      total 44736K, used 44676K [0x00000000faab0000, 0x00000000ffe70000, 0x0000000100000000)
  eden space 44288K, 100% used [0x00000000faab0000,0x00000000fd5f0000,0x00000000fd5f0000)
  from space 448K, 86% used [0x00000000fd5f0000,0x00000000fd651080,0x00000000fd660000)
  to   space 20736K, 0% used [0x00000000fea30000,0x00000000fea30000,0x00000000ffe70000)
 ParOldGen       total 64640K, used 21669K [0x00000000f0000000, 0x00000000f3f20000, 0x00000000faab0000)
  object space 64640K, 33% used [0x00000000f0000000,0x00000000f15297b0,0x00000000f3f20000)
 PSPermGen       total 48192K, used 24348K [0x00000000e5a00000, 0x00000000e8910000, 0x00000000f0000000)
  object space 48192K, 50% used [0x00000000e5a00000,0x00000000e71c7120,0x00000000e8910000)
Event: 127,560 GC heap after
Heap after GC invocations=9 (full 1):
 PSYoungGen      total 65728K, used 403K [0x00000000faab0000, 0x0000000100000000, 0x0000000100000000)
  eden space 44992K, 0% used [0x00000000faab0000,0x00000000faab0000,0x00000000fd6a0000)
  from space 20736K, 1% used [0x00000000fea30000,0x00000000fea94f38,0x00000000ffe70000)
  to   space 20032K, 0% used [0x00000000fd6a0000,0x00000000fd6a0000,0x00000000fea30000)
 ParOldGen       total 64640K, used 21669K [0x00000000f0000000, 0x00000000f3f20000, 0x00000000faab0000)
  object space 64640K, 33% used [0x00000000f0000000,0x00000000f15297b0,0x00000000f3f20000)
 PSPermGen       total 48192K, used 24348K [0x00000000e5a00000, 0x00000000e8910000, 0x00000000f0000000)
  object space 48192K, 50% used [0x00000000e5a00000,0x00000000e71c7120,0x00000000e8910000)
}
Event: 134,691 GC heap before
{Heap before GC invocations=10 (full 1):
 PSYoungGen      total 65728K, used 45395K [0x00000000faab0000, 0x0000000100000000, 0x0000000100000000)
  eden space 44992K, 100% used [0x00000000faab0000,0x00000000fd6a0000,0x00000000fd6a0000)
  from space 20736K, 1% used [0x00000000fea30000,0x00000000fea94f38,0x00000000ffe70000)
  to   space 20032K, 0% used [0x00000000fd6a0000,0x00000000fd6a0000,0x00000000fea30000)
 ParOldGen       total 64640K, used 21669K [0x00000000f0000000, 0x00000000f3f20000, 0x00000000faab0000)
  object space 64640K, 33% used [0x00000000f0000000,0x00000000f15297b0,0x00000000f3f20000)
 PSPermGen       total 48192K, used 24365K [0x00000000e5a00000, 0x00000000e8910000, 0x00000000f0000000)
  object space 48192K, 50% used [0x00000000e5a00000,0x00000000e71cb640,0x00000000e8910000)
Event: 134,696 GC heap after
Heap after GC invocations=10 (full 1):
 PSYoungGen      total 65024K, used 388K [0x00000000faab0000, 0x00000000ffdd0000, 0x0000000100000000)
  eden space 44992K, 0% used [0x00000000faab0000,0x00000000faab0000,0x00000000fd6a0000)
  from space 20032K, 1% used [0x00000000fd6a0000,0x00000000fd701080,0x00000000fea30000)
  to   space 19264K, 0% used [0x00000000feb00000,0x00000000feb00000,0x00000000ffdd0000)
 ParOldGen       total 64640K, used 21669K [0x00000000f0000000, 0x00000000f3f20000, 0x00000000faab0000)
  object space 64640K, 33% used [0x00000000f0000000,0x00000000f15297b0,0x00000000f3f20000)
 PSPermGen       total 48192K, used 24365K [0x00000000e5a00000, 0x00000000e8910000, 0x00000000f0000000)
  object space 48192K, 50% used [0x00000000e5a00000,0x00000000e71cb640,0x00000000e8910000)
}
Event: 152,370 GC heap before
{Heap before GC invocations=11 (full 1):
 PSYoungGen      total 65024K, used 45380K [0x00000000faab0000, 0x00000000ffdd0000, 0x0000000100000000)
  eden space 44992K, 100% used [0x00000000faab0000,0x00000000fd6a0000,0x00000000fd6a0000)
  from space 20032K, 1% used [0x00000000fd6a0000,0x00000000fd701080,0x00000000fea30000)
  to   space 19264K, 0% used [0x00000000feb00000,0x00000000feb00000,0x00000000ffdd0000)
 ParOldGen       total 64640K, used 21669K [0x00000000f0000000, 0x00000000f3f20000, 0x00000000faab0000)
  object space 64640K, 33% used [0x00000000f0000000,0x00000000f15297b0,0x00000000f3f20000)
 PSPermGen       total 48192K, used 24381K [0x00000000e5a00000, 0x00000000e8910000, 0x00000000f0000000)
  object space 48192K, 50% used [0x00000000e5a00000,0x00000000e71cf660,0x00000000e8910000)
Event: 152,376 GC heap after
Heap after GC invocations=11 (full 1):
 PSYoungGen      total 66560K, used 457K [0x00000000faab0000, 0x00000000ffdc0000, 0x0000000100000000)
  eden space 47360K, 0% used [0x00000000faab0000,0x00000000faab0000,0x00000000fd8f0000)
  from space 19200K, 2% used [0x00000000feb00000,0x00000000feb725b0,0x00000000ffdc0000)
  to   space 18496K, 0% used [0x00000000fd8f0000,0x00000000fd8f0000,0x00000000feb00000)
 ParOldGen       total 64640K, used 21669K [0x00000000f0000000, 0x00000000f3f20000, 0x00000000faab0000)
  object space 64640K, 33% used [0x00000000f0000000,0x00000000f15297b0,0x00000000f3f20000)
 PSPermGen       total 48192K, used 24381K [0x00000000e5a00000, 0x00000000e8910000, 0x00000000f0000000)
  object space 48192K, 50% used [0x00000000e5a00000,0x00000000e71cf660,0x00000000e8910000)
}
Event: 154,295 GC heap before
{Heap before GC invocations=12 (full 1):
 PSYoungGen      total 66560K, used 47817K [0x00000000faab0000, 0x00000000ffdc0000, 0x0000000100000000)
  eden space 47360K, 100% used [0x00000000faab0000,0x00000000fd8f0000,0x00000000fd8f0000)
  from space 19200K, 2% used [0x00000000feb00000,0x00000000feb725b0,0x00000000ffdc0000)
  to   space 18496K, 0% used [0x00000000fd8f0000,0x00000000fd8f0000,0x00000000feb00000)
 ParOldGen       total 64640K, used 21669K [0x00000000f0000000, 0x00000000f3f20000, 0x00000000faab0000)
  object space 64640K, 33% used [0x00000000f0000000,0x00000000f15297b0,0x00000000f3f20000)
 PSPermGen       total 48192K, used 24385K [0x00000000e5a00000, 0x00000000e8910000, 0x00000000f0000000)
  object space 48192K, 50% used [0x00000000e5a00000,0x00000000e71d07d8,0x00000000e8910000)
Event: 154,300 GC heap after
Heap after GC invocations=12 (full 1):
 PSYoungGen      total 65856K, used 420K [0x00000000faab0000, 0x00000000ffdd0000, 0x0000000100000000)
  eden space 47360K, 0% used [0x00000000faab0000,0x00000000faab0000,0x00000000fd8f0000)
  from space 18496K, 2% used [0x00000000fd8f0000,0x00000000fd9592f0,0x00000000feb00000)
  to   space 17728K, 0% used [0x00000000fec80000,0x00000000fec80000,0x00000000ffdd0000)
 ParOldGen       total 64640K, used 21669K [0x00000000f0000000, 0x00000000f3f20000, 0x00000000faab0000)
  object space 64640K, 33% used [0x00000000f0000000,0x00000000f15297b0,0x00000000f3f20000)
 PSPermGen       total 48192K, used 24385K [0x00000000e5a00000, 0x00000000e8910000, 0x00000000f0000000)
  object space 48192K, 50% used [0x00000000e5a00000,0x00000000e71d07d8,0x00000000e8910000)
}
Event: 154,918 GC heap before
{Heap before GC invocations=13 (full 1):
 PSYoungGen      total 65856K, used 47780K [0x00000000faab0000, 0x00000000ffdd0000, 0x0000000100000000)
  eden space 47360K, 100% used [0x00000000faab0000,0x00000000fd8f0000,0x00000000fd8f0000)
  from space 18496K, 2% used [0x00000000fd8f0000,0x00000000fd9592f0,0x00000000feb00000)
  to   space 17728K, 0% used [0x00000000fec80000,0x00000000fec80000,0x00000000ffdd0000)
 ParOldGen       total 64640K, used 21669K [0x00000000f0000000, 0x00000000f3f20000, 0x00000000faab0000)
  object space 64640K, 33% used [0x00000000f0000000,0x00000000f15297b0,0x00000000f3f20000)
 PSPermGen       total 48192K, used 24390K [0x00000000e5a00000, 0x00000000e8910000, 0x00000000f0000000)
  object space 48192K, 50% used [0x00000000e5a00000,0x00000000e71d1970,0x00000000e8910000)
Event: 154,923 GC heap after
Heap after GC invocations=13 (full 1):
 PSYoungGen      total 67968K, used 356K [0x00000000faab0000, 0x00000000ffda0000, 0x0000000100000000)
  eden space 50432K, 0% used [0x00000000faab0000,0x00000000faab0000,0x00000000fdbf0000)
  from space 17536K, 2% used [0x00000000fec80000,0x00000000fecd9080,0x00000000ffda0000)
  to   space 16960K, 0% used [0x00000000fdbf0000,0x00000000fdbf0000,0x00000000fec80000)
 ParOldGen       total 64640K, used 21669K [0x00000000f0000000, 0x00000000f3f20000, 0x00000000faab0000)
  object space 64640K, 33% used [0x00000000f0000000,0x00000000f15297b0,0x00000000f3f20000)
 PSPermGen       total 48192K, used 24390K [0x00000000e5a00000, 0x00000000e8910000, 0x00000000f0000000)
  object space 48192K, 50% used [0x00000000e5a00000,0x00000000e71d1970,0x00000000e8910000)
}

Deoptimization events (10 events):
Event: 21,892 Thread 0x00007f955c009000 Uncommon trap -34 fr.pc 0x00007f95590f5cd8
Event: 21,919 Thread 0x00007f955c009000 Uncommon trap -34 fr.pc 0x00007f95590f5cd8
Event: 21,938 Thread 0x00007f955c009000 Uncommon trap -34 fr.pc 0x00007f95590f3ee4
Event: 22,610 Thread 0x00007f955c009000 Uncommon trap -83 fr.pc 0x00007f955908a618
Event: 33,198 Thread 0x00007f955c503000 Uncommon trap -83 fr.pc 0x00007f9559133254
Event: 82,147 Thread 0x00007f955c503000 Uncommon trap -58 fr.pc 0x00007f955916e840
Event: 82,148 Thread 0x00007f955c503000 Uncommon trap -58 fr.pc 0x00007f955916e840
Event: 82,148 Thread 0x00007f955c503000 Uncommon trap -58 fr.pc 0x00007f955916e840
Event: 82,148 Thread 0x00007f955c503000 Uncommon trap -58 fr.pc 0x00007f955916e840
Event: 108,474 Thread 0x00007f955c503000 Uncommon trap -12 fr.pc 0x00007f9559155a78

Internal exceptions (10 events):
Event: 23,662 Thread 0x00007f955c009000 Threw 0x00000000fc3ded20 at /build/buildd/openjdk-7-7u25-2.3.10/build/openjdk/hotspot/src/share/vm/prims/jvm.cpp:1235
Event: 23,665 Thread 0x00007f955c009000 Threw 0x00000000fc3e4d48 at /build/buildd/openjdk-7-7u25-2.3.10/build/openjdk/hotspot/src/share/vm/prims/jvm.cpp:1235
Event: 25,977 Thread 0x00007f955c009000 Threw 0x00000000fab01218 at /build/buildd/openjdk-7-7u25-2.3.10/build/openjdk/hotspot/src/share/vm/prims/jvm.cpp:1235
Event: 26,602 Thread 0x00007f955c009000 Threw 0x00000000fab3cb10 at /build/buildd/openjdk-7-7u25-2.3.10/build/openjdk/hotspot/src/share/vm/prims/jvm.cpp:1235
Event: 28,133 Thread 0x00007f955c503000 Threw 0x00000000fb2492d0 at /build/buildd/openjdk-7-7u25-2.3.10/build/openjdk/hotspot/src/share/vm/prims/jvm.cpp:1235
Event: 28,141 Thread 0x00007f955c503000 Threw 0x00000000fb24f0a8 at /build/buildd/openjdk-7-7u25-2.3.10/build/openjdk/hotspot/src/share/vm/prims/jvm.cpp:1235
Event: 28,809 Thread 0x00007f955c503000 Threw 0x00000000fb3893b0 at /build/buildd/openjdk-7-7u25-2.3.10/build/openjdk/hotspot/src/share/vm/prims/jvm.cpp:1235
Event: 33,565 Thread 0x00007f955c503000 Threw 0x00000000fad0ca28 at /build/buildd/openjdk-7-7u25-2.3.10/build/openjdk/hotspot/src/share/vm/prims/jni.cpp:742
Event: 33,696 Thread 0x0000000000846800 Threw 0x00000000fad53bb0 at /build/buildd/openjdk-7-7u25-2.3.10/build/openjdk/hotspot/src/share/vm/prims/jvm.cpp:1235
Event: 108,474 Thread 0x00007f955c503000 Implicit null exception at 0x00007f95591556a8 to 0x00007f9559155a69

Events (10 events):
Event: 158,704 loading class 0x00000000008a1b40
Event: 158,704 loading class 0x00000000008a1b40 done
Event: 158,705 loading class 0x00000000008a1b80
Event: 158,705 loading class 0x00000000008a1b80 done
Event: 158,705 loading class 0x00000000008515c0
Event: 158,705 loading class 0x00000000008515c0 done
Event: 158,705 loading class 0x0000000000851600
Event: 158,706 loading class 0x0000000000851600 done
Event: 159,225 loading class 0x00007f955c6c1650
Event: 159,225 loading class 0x00007f955c6c1650 done


Dynamic libraries:
00400000-00401000 r-xp 00000000 08:01 1976601                            /usr/lib/jvm/java-7-openjdk-amd64/jre/bin/java
00600000-00601000 r--p 00000000 08:01 1976601                            /usr/lib/jvm/java-7-openjdk-amd64/jre/bin/java
00601000-00602000 rw-p 00001000 08:01 1976601                            /usr/lib/jvm/java-7-openjdk-amd64/jre/bin/java
007dd000-00aff000 rw-p 00000000 00:00 0                                  [heap]
e5a00000-e8910000 rw-p 00000000 00:00 0 
e8910000-f0000000 rw-p 00000000 00:00 0 
f0000000-f3f20000 rw-p 00000000 00:00 0 
f3f20000-faab0000 rw-p 00000000 00:00 0 
faab0000-ffda0000 rw-p 00000000 00:00 0 
ffda0000-100000000 ---p 00000000 00:00 0 
7f9510000000-7f9510021000 rw-p 00000000 00:00 0 
7f9510021000-7f9514000000 ---p 00000000 00:00 0 
7f9514827000-7f9514c08000 rw-s 00000000 00:04 66191378                   /SYSV00000000 (deleted)
7f9514c08000-7f9514c09000 ---p 00000000 00:00 0 
7f9514c09000-7f9515409000 rw-p 00000000 00:00 0 
7f9515409000-7f9515423000 r-xp 00000000 08:01 2622229                    /usr/lib/x86_64-linux-gnu/libdbusmenu-glib.so.4.0.12
7f9515423000-7f9515622000 ---p 0001a000 08:01 2622229                    /usr/lib/x86_64-linux-gnu/libdbusmenu-glib.so.4.0.12
7f9515622000-7f9515623000 r--p 00019000 08:01 2622229                    /usr/lib/x86_64-linux-gnu/libdbusmenu-glib.so.4.0.12
7f9515623000-7f9515624000 rw-p 0001a000 08:01 2622229                    /usr/lib/x86_64-linux-gnu/libdbusmenu-glib.so.4.0.12
7f9515624000-7f9515636000 r-xp 00000000 08:01 2625102                    /usr/lib/x86_64-linux-gnu/libdbusmenu-gtk.so.4.0.12
7f9515636000-7f9515835000 ---p 00012000 08:01 2625102                    /usr/lib/x86_64-linux-gnu/libdbusmenu-gtk.so.4.0.12
7f9515835000-7f9515836000 r--p 00011000 08:01 2625102                    /usr/lib/x86_64-linux-gnu/libdbusmenu-gtk.so.4.0.12
7f9515836000-7f9515837000 rw-p 00012000 08:01 2625102                    /usr/lib/x86_64-linux-gnu/libdbusmenu-gtk.so.4.0.12
7f9515837000-7f951583c000 r-xp 00000000 08:01 132582                     /usr/lib/x86_64-linux-gnu/gtk-2.0/2.10.0/menuproxies/libappmenu.so
7f951583c000-7f9515a3b000 ---p 00005000 08:01 132582                     /usr/lib/x86_64-linux-gnu/gtk-2.0/2.10.0/menuproxies/libappmenu.so
7f9515a3b000-7f9515a3c000 r--p 00004000 08:01 132582                     /usr/lib/x86_64-linux-gnu/gtk-2.0/2.10.0/menuproxies/libappmenu.so
7f9515a3c000-7f9515a3d000 rw-p 00005000 08:01 132582                     /usr/lib/x86_64-linux-gnu/gtk-2.0/2.10.0/menuproxies/libappmenu.so
7f9515a3d000-7f9515a4d000 r-xp 00000000 08:01 2885348                    /lib/x86_64-linux-gnu/libudev.so.1.2.2
7f9515a4d000-7f9515c4c000 ---p 00010000 08:01 2885348                    /lib/x86_64-linux-gnu/libudev.so.1.2.2
7f9515c4c000-7f9515c4d000 r--p 0000f000 08:01 2885348                    /lib/x86_64-linux-gnu/libudev.so.1.2.2
7f9515c4d000-7f9515c4e000 rw-p 00010000 08:01 2885348                    /lib/x86_64-linux-gnu/libudev.so.1.2.2
7f9515c4e000-7f9515c83000 r-xp 00000000 08:01 132145                     /usr/lib/x86_64-linux-gnu/gvfs/libgvfscommon.so
7f9515c83000-7f9515e83000 ---p 00035000 08:01 132145                     /usr/lib/x86_64-linux-gnu/gvfs/libgvfscommon.so
7f9515e83000-7f9515e88000 r--p 00035000 08:01 132145                     /usr/lib/x86_64-linux-gnu/gvfs/libgvfscommon.so
7f9515e88000-7f9515e89000 rw-p 0003a000 08:01 132145                     /usr/lib/x86_64-linux-gnu/gvfs/libgvfscommon.so
7f9515e89000-7f9515eb8000 r-xp 00000000 08:01 132148                     /usr/lib/x86_64-linux-gnu/gio/modules/libgvfsdbus.so
7f9515eb8000-7f95160b7000 ---p 0002f000 08:01 132148                     /usr/lib/x86_64-linux-gnu/gio/modules/libgvfsdbus.so
7f95160b7000-7f95160b8000 r--p 0002e000 08:01 132148                     /usr/lib/x86_64-linux-gnu/gio/modules/libgvfsdbus.so
7f95160b8000-7f95160ba000 rw-p 0002f000 08:01 132148                     /usr/lib/x86_64-linux-gnu/gio/modules/libgvfsdbus.so
7f95160ba000-7f95160fd000 r-xp 00000000 08:01 2630153                    /usr/lib/x86_64-linux-gnu/libibus-1.0.so.0.402.0
7f95160fd000-7f95162fc000 ---p 00043000 08:01 2630153                    /usr/lib/x86_64-linux-gnu/libibus-1.0.so.0.402.0
7f95162fc000-7f95162fe000 r--p 00042000 08:01 2630153                    /usr/lib/x86_64-linux-gnu/libibus-1.0.so.0.402.0
7f95162fe000-7f95162ff000 rw-p 00044000 08:01 2630153                    /usr/lib/x86_64-linux-gnu/libibus-1.0.so.0.402.0
7f95162ff000-7f9516300000 rw-p 00000000 00:00 0 
7f9516300000-7f9516306000 r-xp 00000000 08:01 132573                     /usr/lib/x86_64-linux-gnu/gtk-2.0/2.10.0/immodules/im-ibus.so
7f9516306000-7f9516505000 ---p 00006000 08:01 132573                     /usr/lib/x86_64-linux-gnu/gtk-2.0/2.10.0/immodules/im-ibus.so
7f9516505000-7f9516506000 r--p 00005000 08:01 132573                     /usr/lib/x86_64-linux-gnu/gtk-2.0/2.10.0/immodules/im-ibus.so
7f9516506000-7f9516507000 rw-p 00006000 08:01 132573                     /usr/lib/x86_64-linux-gnu/gtk-2.0/2.10.0/immodules/im-ibus.so
7f9516507000-7f9516559000 r--p 00000000 08:01 527353                     /usr/share/fonts/truetype/ttf-dejavu/DejaVuSansMono.ttf
7f9516559000-7f95165b0000 r--p 00000000 08:01 527384                     /usr/share/fonts/truetype/ubuntu-font-family/Ubuntu-R.ttf
7f95165b0000-7f95165b3000 r-xp 00000000 08:01 132821                     /usr/lib/x86_64-linux-gnu/pango/1.8.0/modules/pango-basic-fc.so
7f95165b3000-7f95167b2000 ---p 00003000 08:01 132821                     /usr/lib/x86_64-linux-gnu/pango/1.8.0/modules/pango-basic-fc.so
7f95167b2000-7f95167b3000 r--p 00002000 08:01 132821                     /usr/lib/x86_64-linux-gnu/pango/1.8.0/modules/pango-basic-fc.so
7f95167b3000-7f95167b4000 rw-p 00003000 08:01 132821                     /usr/lib/x86_64-linux-gnu/pango/1.8.0/modules/pango-basic-fc.so
7f95167b4000-7f95167b5000 ---p 00000000 00:00 0 
7f95167b5000-7f9516fb5000 rw-p 00000000 00:00 0                          [stack:8441]
7f9516fb5000-7f9516fb6000 ---p 00000000 00:00 0 
7f9516fb6000-7f95177b6000 rw-p 00000000 00:00 0                          [stack:8440]
7f95177b6000-7f95177c1000 r-xp 00000000 08:01 132330                     /usr/lib/x86_64-linux-gnu/gio/modules/libdconfsettings.so
7f95177c1000-7f95179c0000 ---p 0000b000 08:01 132330                     /usr/lib/x86_64-linux-gnu/gio/modules/libdconfsettings.so
7f95179c0000-7f95179c1000 r--p 0000a000 08:01 132330                     /usr/lib/x86_64-linux-gnu/gio/modules/libdconfsettings.so
7f95179c1000-7f95179c2000 rw-p 0000b000 08:01 132330                     /usr/lib/x86_64-linux-gnu/gio/modules/libdconfsettings.so
7f95179c2000-7f95179c8000 r-xp 00000000 08:01 2630286                    /usr/lib/x86_64-linux-gnu/libogg.so.0.8.0
7f95179c8000-7f9517bc7000 ---p 00006000 08:01 2630286                    /usr/lib/x86_64-linux-gnu/libogg.so.0.8.0
7f9517bc7000-7f9517bc8000 r--p 00005000 08:01 2630286                    /usr/lib/x86_64-linux-gnu/libogg.so.0.8.0
7f9517bc8000-7f9517bc9000 rw-p 00006000 08:01 2630286                    /usr/lib/x86_64-linux-gnu/libogg.so.0.8.0
7f9517bc9000-7f9517bf4000 r-xp 00000000 08:01 2630507                    /usr/lib/x86_64-linux-gnu/libvorbis.so.0.4.5
7f9517bf4000-7f9517df4000 ---p 0002b000 08:01 2630507                    /usr/lib/x86_64-linux-gnu/libvorbis.so.0.4.5
7f9517df4000-7f9517df5000 r--p 0002b000 08:01 2630507                    /usr/lib/x86_64-linux-gnu/libvorbis.so.0.4.5
7f9517df5000-7f9517df6000 rw-p 0002c000 08:01 2630507                    /usr/lib/x86_64-linux-gnu/libvorbis.so.0.4.5
7f9517df6000-7f9517dff000 r-xp 00000000 08:01 2630220                    /usr/lib/x86_64-linux-gnu/libltdl.so.7.3.0
7f9517dff000-7f9517ffe000 ---p 00009000 08:01 2630220                    /usr/lib/x86_64-linux-gnu/libltdl.so.7.3.0
7f9517ffe000-7f9517fff000 r--p 00008000 08:01 2630220                    /usr/lib/x86_64-linux-gnu/libltdl.so.7.3.0
7f9517fff000-7f9518000000 rw-p 00009000 08:01 2630220                    /usr/lib/x86_64-linux-gnu/libltdl.so.7.3.0
7f9518000000-7f9518025000 rw-p 00000000 00:00 0 
7f9518025000-7f951c000000 ---p 00000000 00:00 0 
7f951c000000-7f951c148000 rw-p 00000000 00:00 0 
7f951c148000-7f9520000000 ---p 00000000 00:00 0 
7f9520000000-7f9520117000 rw-p 00000000 00:00 0 
7f9520117000-7f9524000000 ---p 00000000 00:00 0 
7f9524069000-7f95240a8000 r--p 00000000 08:01 132224                     /usr/share/glib-2.0/schemas/gschemas.compiled
7f95240a8000-7f95240c0000 r--p 00000000 08:01 269028                     /usr/share/locale-langpack/es/LC_MESSAGES/glib20.mo
7f95240c0000-7f95240d0000 r-xp 00000000 08:01 2630454                    /usr/lib/x86_64-linux-gnu/libtdb.so.1.2.10
7f95240d0000-7f95242d0000 ---p 00010000 08:01 2630454                    /usr/lib/x86_64-linux-gnu/libtdb.so.1.2.10
7f95242d0000-7f95242d1000 r--p 00010000 08:01 2630454                    /usr/lib/x86_64-linux-gnu/libtdb.so.1.2.10
7f95242d1000-7f95242d2000 rw-p 00011000 08:01 2630454                    /usr/lib/x86_64-linux-gnu/libtdb.so.1.2.10
7f95242d2000-7f95242d9000 r-xp 00000000 08:01 2630511                    /usr/lib/x86_64-linux-gnu/libvorbisfile.so.3.3.4
7f95242d9000-7f95244d8000 ---p 00007000 08:01 2630511                    /usr/lib/x86_64-linux-gnu/libvorbisfile.so.3.3.4
7f95244d8000-7f95244d9000 r--p 00006000 08:01 2630511                    /usr/lib/x86_64-linux-gnu/libvorbisfile.so.3.3.4
7f95244d9000-7f95244da000 rw-p 00007000 08:01 2630511                    /usr/lib/x86_64-linux-gnu/libvorbisfile.so.3.3.4
7f95244da000-7f95244e9000 r-xp 00000000 08:01 2629797                    /usr/lib/x86_64-linux-gnu/libcanberra.so.0.2.5
7f95244e9000-7f95246e8000 ---p 0000f000 08:01 2629797                    /usr/lib/x86_64-linux-gnu/libcanberra.so.0.2.5
7f95246e8000-7f95246e9000 r--p 0000e000 08:01 2629797                    /usr/lib/x86_64-linux-gnu/libcanberra.so.0.2.5
7f95246e9000-7f95246ea000 rw-p 0000f000 08:01 2629797                    /usr/lib/x86_64-linux-gnu/libcanberra.so.0.2.5
7f95246ea000-7f95246ee000 r-xp 00000000 08:01 2629793                    /usr/lib/x86_64-linux-gnu/libcanberra-gtk.so.0.1.9
7f95246ee000-7f95248ed000 ---p 00004000 08:01 2629793                    /usr/lib/x86_64-linux-gnu/libcanberra-gtk.so.0.1.9
7f95248ed000-7f95248ee000 r--p 00003000 08:01 2629793                    /usr/lib/x86_64-linux-gnu/libcanberra-gtk.so.0.1.9
7f95248ee000-7f95248ef000 rw-p 00004000 08:01 2629793                    /usr/lib/x86_64-linux-gnu/libcanberra-gtk.so.0.1.9
7f9524905000-7f952490a000 r-xp 00000000 08:01 132588                     /usr/lib/x86_64-linux-gnu/gtk-2.0/modules/libcanberra-gtk-module.so
7f952490a000-7f9524b09000 ---p 00005000 08:01 132588                     /usr/lib/x86_64-linux-gnu/gtk-2.0/modules/libcanberra-gtk-module.so
7f9524b09000-7f9524b0a000 r--p 00004000 08:01 132588                     /usr/lib/x86_64-linux-gnu/gtk-2.0/modules/libcanberra-gtk-module.so
7f9524b0a000-7f9524b0b000 rw-p 00005000 08:01 132588                     /usr/lib/x86_64-linux-gnu/gtk-2.0/modules/libcanberra-gtk-module.so
7f9524b0b000-7f9524b3a000 r-xp 00000000 08:01 132569                     /usr/lib/x86_64-linux-gnu/gtk-2.0/2.10.0/engines/libmurrine.so
7f9524b3a000-7f9524d3a000 ---p 0002f000 08:01 132569                     /usr/lib/x86_64-linux-gnu/gtk-2.0/2.10.0/engines/libmurrine.so
7f9524d3a000-7f9524d3b000 r--p 0002f000 08:01 132569                     /usr/lib/x86_64-linux-gnu/gtk-2.0/2.10.0/engines/libmurrine.so
7f9524d3b000-7f9524d3c000 rw-p 00030000 08:01 132569                     /usr/lib/x86_64-linux-gnu/gtk-2.0/2.10.0/engines/libmurrine.so
7f9524d3c000-7f9524d4d000 r-xp 00000000 08:01 132591                     /usr/lib/x86_64-linux-gnu/gtk-2.0/modules/liboverlay-scrollbar.so
7f9524d4d000-7f9524f4c000 ---p 00011000 08:01 132591                     /usr/lib/x86_64-linux-gnu/gtk-2.0/modules/liboverlay-scrollbar.so
7f9524f4c000-7f9524f4d000 r--p 00010000 08:01 132591                     /usr/lib/x86_64-linux-gnu/gtk-2.0/modules/liboverlay-scrollbar.so
7f9524f4d000-7f9524f4e000 rw-p 00011000 08:01 132591                     /usr/lib/x86_64-linux-gnu/gtk-2.0/modules/liboverlay-scrollbar.so
7f9524f4e000-7f9524f78000 r--p 00000000 08:01 269074                     /usr/share/locale-langpack/es/LC_MESSAGES/gtk20-properties.mo
7f9524f78000-7f9524f87000 r--p 00000000 08:01 269075                     /usr/share/locale-langpack/es/LC_MESSAGES/gtk20.mo
7f9524f87000-7f9524f8a000 ---p 00000000 00:00 0 
7f9524f8a000-7f9525088000 rw-p 00000000 00:00 0                          [stack:8439]
7f9525088000-7f952508b000 ---p 00000000 00:00 0 
7f952508b000-7f9525189000 rw-p 00000000 00:00 0                          [stack:8438]
7f952522f000-7f952532f000 rw-s 00000000 00:04 66158606                   /SYSV00000000 (deleted)
7f952532f000-7f9525335000 r--p 00000000 08:06 2371750                    /home/victor/.config/dconf/user
7f95257fa000-7f952585a000 rw-s 00000000 00:04 66060305                   /SYSV00000000 (deleted)
7f952585a000-7f952585d000 ---p 00000000 00:00 0 
7f952585d000-7f952595b000 rw-p 00000000 00:00 0                          [stack:8571]
7f952595b000-7f952595e000 ---p 00000000 00:00 0 
7f952595e000-7f9525a5c000 rw-p 00000000 00:00 0                          [stack:8545]
7f9525a5c000-7f9525a5f000 ---p 00000000 00:00 0 
7f9525a5f000-7f9525b5d000 rw-p 00000000 00:00 0                          [stack:8544]
7f9525b5d000-7f9525b60000 ---p 00000000 00:00 0 
7f9525b60000-7f9525c5e000 rw-p 00000000 00:00 0                          [stack:8512]
7f9525c5e000-7f9525c61000 ---p 00000000 00:00 0 
7f9525c61000-7f9525d5f000 rw-p 00000000 00:00 0 
7f9525d5f000-7f9525dab000 r-xp 00000000 08:01 1976580                    /usr/lib/jvm/java-7-openjdk-amd64/jre/lib/amd64/libfontmanager.so
7f9525dab000-7f9525faa000 ---p 0004c000 08:01 1976580                    /usr/lib/jvm/java-7-openjdk-amd64/jre/lib/amd64/libfontmanager.so
7f9525faa000-7f9525fad000 r--p 0004b000 08:01 1976580                    /usr/lib/jvm/java-7-openjdk-amd64/jre/lib/amd64/libfontmanager.so
7f9525fad000-7f9525fae000 rw-p 0004e000 08:01 1976580                    /usr/lib/jvm/java-7-openjdk-amd64/jre/lib/amd64/libfontmanager.so
7f9525fb0000-7f9525fb1000 r--s 00000000 00:14 41549                      /run/user/victor/dconf/user
7f9525fc4000-7f9525fca000 r--p 00000000 08:01 269014                     /usr/share/locale-langpack/es/LC_MESSAGES/gdk-pixbuf.mo
7f9525fcd000-7f9525fcf000 rw-p 00000000 00:00 0 
7f9525fcf000-7f9525fd0000 r--s 00000000 08:01 532563                     /var/cache/fontconfig/c05880de57d1f5e948fdfacc138775d9-le64.cache-3
7f9525fd0000-7f9525fd9000 r--s 00000000 08:01 532555                     /var/cache/fontconfig/945677eb7aeaf62f1d50efc3fb3ec7d8-le64.cache-3
7f9525fd9000-7f9525fdd000 r--s 00000000 08:01 536989                     /var/cache/fontconfig/99e8ed0e538f840c565b6ed5dad60d56-le64.cache-3
7f9525fdd000-7f9525fe2000 r--s 00000000 08:01 532540                     /var/cache/fontconfig/2cd17615ca594fa2959ae173292e504c-le64.cache-3
7f9525fe2000-7f9525fe3000 r--s 00000000 08:01 532571                     /var/cache/fontconfig/e7071f4a29fa870f4323321c154eba04-le64.cache-3
7f9525fe3000-7f9525fe4000 r--s 00000000 08:01 538738                     /var/cache/fontconfig/617957603a337376ca8784972c6029f5-le64.cache-3
7f9525fe4000-7f9525fea000 r--s 00000000 08:01 532559                     /var/cache/fontconfig/a755afe4a08bf5b97852ceb7400b47bc-le64.cache-3
7f9525fea000-7f9525ff3000 r--s 00000000 08:01 534111                     /var/cache/fontconfig/6d41288fd70b0be22e8c3a91e032eec0-le64.cache-3
7f9525ff3000-7f9526003000 r--s 00000000 08:01 532535                     /var/cache/fontconfig/04aabc0a78ac019cf9454389977116d2-le64.cache-3
7f9526003000-7f9526006000 ---p 00000000 00:00 0 
7f9526006000-7f9526104000 rw-p 00000000 00:00 0 
7f9526104000-7f9526114000 r-xp 00000000 08:01 1976568                    /usr/lib/jvm/java-7-openjdk-amd64/jre/lib/amd64/libnio.so
7f9526114000-7f9526314000 ---p 00010000 08:01 1976568                    /usr/lib/jvm/java-7-openjdk-amd64/jre/lib/amd64/libnio.so
7f9526314000-7f9526315000 r--p 00010000 08:01 1976568                    /usr/lib/jvm/java-7-openjdk-amd64/jre/lib/amd64/libnio.so
7f9526315000-7f9526316000 rw-p 00011000 08:01 1976568                    /usr/lib/jvm/java-7-openjdk-amd64/jre/lib/amd64/libnio.so
7f9526316000-7f952632c000 r-xp 00000000 08:01 1976572                    /usr/lib/jvm/java-7-openjdk-amd64/jre/lib/amd64/libnet.so
7f952632c000-7f952652b000 ---p 00016000 08:01 1976572                    /usr/lib/jvm/java-7-openjdk-amd64/jre/lib/amd64/libnet.so
7f952652b000-7f952652c000 r--p 00015000 08:01 1976572                    /usr/lib/jvm/java-7-openjdk-amd64/jre/lib/amd64/libnet.so
7f952652c000-7f952652d000 rw-p 00016000 08:01 1976572                    /usr/lib/jvm/java-7-openjdk-amd64/jre/lib/amd64/libnet.so
7f952652d000-7f9526530000 ---p 00000000 00:00 0 
7f9526530000-7f952662e000 rw-p 00000000 00:00 0                          [stack:8436]
7f952662e000-7f9526631000 ---p 00000000 00:00 0 
7f9526631000-7f952672f000 rw-p 00000000 00:00 0                          [stack:8435]
7f952672f000-7f952789e000 r-xp 00000000 08:01 2629233                    /usr/lib/x86_64-linux-gnu/libicudata.so.48.1.1
7f952789e000-7f9527a9d000 ---p 0116f000 08:01 2629233                    /usr/lib/x86_64-linux-gnu/libicudata.so.48.1.1
7f9527a9d000-7f9527a9e000 r--p 0116e000 08:01 2629233                    /usr/lib/x86_64-linux-gnu/libicudata.so.48.1.1
7f9527a9e000-7f9527a9f000 rw-p 0116f000 08:01 2629233                    /usr/lib/x86_64-linux-gnu/libicudata.so.48.1.1
7f9527a9f000-7f9527aa2000 r-xp 00000000 08:01 2887470                    /lib/x86_64-linux-gnu/libgpg-error.so.0.8.0
7f9527aa2000-7f9527ca1000 ---p 00003000 08:01 2887470                    /lib/x86_64-linux-gnu/libgpg-error.so.0.8.0
7f9527ca1000-7f9527ca2000 r--p 00002000 08:01 2887470                    /lib/x86_64-linux-gnu/libgpg-error.so.0.8.0
7f9527ca2000-7f9527ca3000 rw-p 00003000 08:01 2887470                    /lib/x86_64-linux-gnu/libgpg-error.so.0.8.0
7f9527ca3000-7f9527ca5000 r-xp 00000000 08:01 2887481                    /lib/x86_64-linux-gnu/libkeyutils.so.1.4
7f9527ca5000-7f9527ea5000 ---p 00002000 08:01 2887481                    /lib/x86_64-linux-gnu/libkeyutils.so.1.4
7f9527ea5000-7f9527ea6000 r--p 00002000 08:01 2887481                    /lib/x86_64-linux-gnu/libkeyutils.so.1.4
7f9527ea6000-7f9527ea7000 rw-p 00003000 08:01 2887481                    /lib/x86_64-linux-gnu/libkeyutils.so.1.4
7f9527ea7000-7f9527ffd000 r-xp 00000000 08:01 2629236                    /usr/lib/x86_64-linux-gnu/libicuuc.so.48.1.1
7f9527ffd000-7f95281fc000 ---p 00156000 08:01 2629236                    /usr/lib/x86_64-linux-gnu/libicuuc.so.48.1.1
7f95281fc000-7f952820d000 r--p 00155000 08:01 2629236                    /usr/lib/x86_64-linux-gnu/libicuuc.so.48.1.1
7f952820d000-7f952820e000 rw-p 00166000 08:01 2629236                    /usr/lib/x86_64-linux-gnu/libicuuc.so.48.1.1
7f952820e000-7f9528212000 rw-p 00000000 00:00 0 
7f9528212000-7f9528244000 r-xp 00000000 08:01 2629234                    /usr/lib/x86_64-linux-gnu/libicule.so.48.1.1
7f9528244000-7f9528444000 ---p 00032000 08:01 2629234                    /usr/lib/x86_64-linux-gnu/libicule.so.48.1.1
7f9528444000-7f9528446000 r--p 00032000 08:01 2629234                    /usr/lib/x86_64-linux-gnu/libicule.so.48.1.1
7f9528446000-7f9528447000 rw-p 00034000 08:01 2629234                    /usr/lib/x86_64-linux-gnu/libicule.so.48.1.1
7f9528447000-7f952848a000 r-xp 00000000 08:01 2885741                    /lib/x86_64-linux-gnu/libdbus-1.so.3.7.2
7f952848a000-7f9528689000 ---p 00043000 08:01 2885741                    /lib/x86_64-linux-gnu/libdbus-1.so.3.7.2
7f9528689000-7f952868a000 r--p 00042000 08:01 2885741                    /lib/x86_64-linux-gnu/libdbus-1.so.3.7.2
7f952868a000-7f952868b000 rw-p 00043000 08:01 2885741                    /lib/x86_64-linux-gnu/libdbus-1.so.3.7.2
7f952868b000-7f952869d000 r-xp 00000000 08:01 2630294                    /usr/lib/x86_64-linux-gnu/libp11-kit.so.0.0.0
7f952869d000-7f952889d000 ---p 00012000 08:01 2630294                    /usr/lib/x86_64-linux-gnu/libp11-kit.so.0.0.0
7f952889d000-7f952889e000 r--p 00012000 08:01 2630294                    /usr/lib/x86_64-linux-gnu/libp11-kit.so.0.0.0
7f952889e000-7f952889f000 rw-p 00013000 08:01 2630294                    /usr/lib/x86_64-linux-gnu/libp11-kit.so.0.0.0
7f952889f000-7f95288ae000 r-xp 00000000 08:01 2630452                    /usr/lib/x86_64-linux-gnu/libtasn1.so.3.2.0
7f95288ae000-7f9528aae000 ---p 0000f000 08:01 2630452                    /usr/lib/x86_64-linux-gnu/libtasn1.so.3.2.0
7f9528aae000-7f9528aaf000 r--p 0000f000 08:01 2630452                    /usr/lib/x86_64-linux-gnu/libtasn1.so.3.2.0
7f9528aaf000-7f9528ab0000 rw-p 00010000 08:01 2630452                    /usr/lib/x86_64-linux-gnu/libtasn1.so.3.2.0
7f9528ab0000-7f9528b2a000 r-xp 00000000 08:01 2885712                    /lib/x86_64-linux-gnu/libgcrypt.so.11.7.0
7f9528b2a000-7f9528d2a000 ---p 0007a000 08:01 2885712                    /lib/x86_64-linux-gnu/libgcrypt.so.11.7.0
7f9528d2a000-7f9528d2b000 r--p 0007a000 08:01 2885712                    /lib/x86_64-linux-gnu/libgcrypt.so.11.7.0
7f9528d2b000-7f9528d2e000 rw-p 0007b000 08:01 2885712                    /lib/x86_64-linux-gnu/libgcrypt.so.11.7.0
7f9528d2e000-7f9528d35000 r-xp 00000000 08:01 2630204                    /usr/lib/x86_64-linux-gnu/libkrb5support.so.0.1
7f9528d35000-7f9528f34000 ---p 00007000 08:01 2630204                    /usr/lib/x86_64-linux-gnu/libkrb5support.so.0.1
7f9528f34000-7f9528f35000 r--p 00006000 08:01 2630204                    /usr/lib/x86_64-linux-gnu/libkrb5support.so.0.1
7f9528f35000-7f9528f36000 rw-p 00007000 08:01 2630204                    /usr/lib/x86_64-linux-gnu/libkrb5support.so.0.1
7f9528f36000-7f9528f39000 r-xp 00000000 08:01 2887446                    /lib/x86_64-linux-gnu/libcom_err.so.2.1
7f9528f39000-7f9529138000 ---p 00003000 08:01 2887446                    /lib/x86_64-linux-gnu/libcom_err.so.2.1
7f9529138000-7f9529139000 r--p 00002000 08:01 2887446                    /lib/x86_64-linux-gnu/libcom_err.so.2.1
7f9529139000-7f952913a000 rw-p 00003000 08:01 2887446                    /lib/x86_64-linux-gnu/libcom_err.so.2.1
7f952913a000-7f9529160000 r-xp 00000000 08:01 2630198                    /usr/lib/x86_64-linux-gnu/libk5crypto.so.3.1
7f9529160000-7f9529360000 ---p 00026000 08:01 2630198                    /usr/lib/x86_64-linux-gnu/libk5crypto.so.3.1
7f9529360000-7f9529361000 r--p 00026000 08:01 2630198                    /usr/lib/x86_64-linux-gnu/libk5crypto.so.3.1
7f9529361000-7f9529362000 rw-p 00027000 08:01 2630198                    /usr/lib/x86_64-linux-gnu/libk5crypto.so.3.1
7f9529362000-7f9529363000 rw-p 00000000 00:00 0 
7f9529363000-7f9529427000 r-xp 00000000 08:01 2630202                    /usr/lib/x86_64-linux-gnu/libkrb5.so.3.3
7f9529427000-7f9529626000 ---p 000c4000 08:01 2630202                    /usr/lib/x86_64-linux-gnu/libkrb5.so.3.3
7f9529626000-7f9529630000 r--p 000c3000 08:01 2630202                    /usr/lib/x86_64-linux-gnu/libkrb5.so.3.3
7f9529630000-7f9529631000 rw-p 000cd000 08:01 2630202                    /usr/lib/x86_64-linux-gnu/libkrb5.so.3.3
7f9529631000-7f95296c6000 r-xp 00000000 08:01 2630139                    /usr/lib/x86_64-linux-gnu/libharfbuzz.so.0.913.0
7f95296c6000-7f95298c5000 ---p 00095000 08:01 2630139                    /usr/lib/x86_64-linux-gnu/libharfbuzz.so.0.913.0
7f95298c5000-7f95298c7000 r--p 00094000 08:01 2630139                    /usr/lib/x86_64-linux-gnu/libharfbuzz.so.0.913.0
7f95298c7000-7f95298c8000 rw-p 00096000 08:01 2630139                    /usr/lib/x86_64-linux-gnu/libharfbuzz.so.0.913.0
7f95298c8000-7f95298d0000 r-xp 00000000 08:01 2630538                    /usr/lib/x86_64-linux-gnu/libxcb-render.so.0.0.0
7f95298d0000-7f9529ad0000 ---p 00008000 08:01 2630538                    /usr/lib/x86_64-linux-gnu/libxcb-render.so.0.0.0
7f9529ad0000-7f9529ad1000 r--p 00008000 08:01 2630538                    /usr/lib/x86_64-linux-gnu/libxcb-render.so.0.0.0
7f9529ad1000-7f9529ad2000 rw-p 00009000 08:01 2630538                    /usr/lib/x86_64-linux-gnu/libxcb-render.so.0.0.0
7f9529ad2000-7f9529ad4000 r-xp 00000000 08:01 2630542                    /usr/lib/x86_64-linux-gnu/libxcb-shm.so.0.0.0
7f9529ad4000-7f9529cd3000 ---p 00002000 08:01 2630542                    /usr/lib/x86_64-linux-gnu/libxcb-shm.so.0.0.0
7f9529cd3000-7f9529cd4000 r--p 00001000 08:01 2630542                    /usr/lib/x86_64-linux-gnu/libxcb-shm.so.0.0.0
7f9529cd4000-7f9529cd5000 rw-p 00002000 08:01 2630542                    /usr/lib/x86_64-linux-gnu/libxcb-shm.so.0.0.0
7f9529cd5000-7f9529cfa000 r-xp 00000000 08:01 2887546                    /lib/x86_64-linux-gnu/libpng12.so.0.49.0
7f9529cfa000-7f9529ef9000 ---p 00025000 08:01 2887546                    /lib/x86_64-linux-gnu/libpng12.so.0.49.0
7f9529ef9000-7f9529efa000 r--p 00024000 08:01 2887546                    /lib/x86_64-linux-gnu/libpng12.so.0.49.0
7f9529efa000-7f9529efb000 rw-p 00025000 08:01 2887546                    /lib/x86_64-linux-gnu/libpng12.so.0.49.0
7f9529efb000-7f9529f8b000 r-xp 00000000 08:01 2630193                    /usr/lib/x86_64-linux-gnu/libpixman-1.so.0.28.2
7f9529f8b000-7f952a18b000 ---p 00090000 08:01 2630193                    /usr/lib/x86_64-linux-gnu/libpixman-1.so.0.28.2
7f952a18b000-7f952a192000 r--p 00090000 08:01 2630193                    /usr/lib/x86_64-linux-gnu/libpixman-1.so.0.28.2
7f952a192000-7f952a193000 rw-p 00097000 08:01 2630193                    /usr/lib/x86_64-linux-gnu/libpixman-1.so.0.28.2
7f952a193000-7f952a198000 r-xp 00000000 08:01 2629688                    /usr/lib/x86_64-linux-gnu/libXdmcp.so.6.0.0
7f952a198000-7f952a397000 ---p 00005000 08:01 2629688                    /usr/lib/x86_64-linux-gnu/libXdmcp.so.6.0.0
7f952a397000-7f952a398000 r--p 00004000 08:01 2629688                    /usr/lib/x86_64-linux-gnu/libXdmcp.so.6.0.0
7f952a398000-7f952a399000 rw-p 00005000 08:01 2629688                    /usr/lib/x86_64-linux-gnu/libXdmcp.so.6.0.0
7f952a399000-7f952a39b000 r-xp 00000000 08:01 2629677                    /usr/lib/x86_64-linux-gnu/libXau.so.6.0.0
7f952a39b000-7f952a59b000 ---p 00002000 08:01 2629677                    /usr/lib/x86_64-linux-gnu/libXau.so.6.0.0
7f952a59b000-7f952a59c000 r--p 00002000 08:01 2629677                    /usr/lib/x86_64-linux-gnu/libXau.so.6.0.0
7f952a59c000-7f952a59d000 rw-p 00003000 08:01 2629677                    /usr/lib/x86_64-linux-gnu/libXau.so.6.0.0
7f952a59d000-7f952a5ac000 r-xp 00000000 08:01 2629763                    /usr/lib/x86_64-linux-gnu/libavahi-client.so.3.2.9
7f952a5ac000-7f952a7ac000 ---p 0000f000 08:01 2629763                    /usr/lib/x86_64-linux-gnu/libavahi-client.so.3.2.9
7f952a7ac000-7f952a7ad000 r--p 0000f000 08:01 2629763                    /usr/lib/x86_64-linux-gnu/libavahi-client.so.3.2.9
7f952a7ad000-7f952a7ae000 rw-p 00010000 08:01 2629763                    /usr/lib/x86_64-linux-gnu/libavahi-client.so.3.2.9
7f952a7ae000-7f952a7b9000 r-xp 00000000 08:01 2629765                    /usr/lib/x86_64-linux-gnu/libavahi-common.so.3.5.3
7f952a7b9000-7f952a9b8000 ---p 0000b000 08:01 2629765                    /usr/lib/x86_64-linux-gnu/libavahi-common.so.3.5.3
7f952a9b8000-7f952a9b9000 r--p 0000a000 08:01 2629765                    /usr/lib/x86_64-linux-gnu/libavahi-common.so.3.5.3
7f952a9b9000-7f952a9ba000 rw-p 0000b000 08:01 2629765                    /usr/lib/x86_64-linux-gnu/libavahi-common.so.3.5.3
7f952a9ba000-7f952aa6f000 r-xp 00000000 08:01 2633550                    /usr/lib/x86_64-linux-gnu/libgnutls.so.26.22.6
7f952aa6f000-7f952ac6e000 ---p 000b5000 08:01 2633550                    /usr/lib/x86_64-linux-gnu/libgnutls.so.26.22.6
7f952ac6e000-7f952ac74000 r--p 000b4000 08:01 2633550                    /usr/lib/x86_64-linux-gnu/libgnutls.so.26.22.6
7f952ac74000-7f952ac75000 rw-p 000ba000 08:01 2633550                    /usr/lib/x86_64-linux-gnu/libgnutls.so.26.22.6
7f952ac75000-7f952ac76000 rw-p 00000000 00:00 0 
7f952ac76000-7f952acb1000 r-xp 00000000 08:01 2630041                    /usr/lib/x86_64-linux-gnu/libgssapi_krb5.so.2.2
7f952acb1000-7f952aeb1000 ---p 0003b000 08:01 2630041                    /usr/lib/x86_64-linux-gnu/libgssapi_krb5.so.2.2
7f952aeb1000-7f952aeb2000 r--p 0003b000 08:01 2630041                    /usr/lib/x86_64-linux-gnu/libgssapi_krb5.so.2.2
7f952aeb2000-7f952aeb4000 rw-p 0003c000 08:01 2630041                    /usr/lib/x86_64-linux-gnu/libgssapi_krb5.so.2.2
7f952aeb4000-7f952aef1000 r-xp 00000000 08:01 2887534                    /lib/x86_64-linux-gnu/libpcre.so.3.13.1
7f952aef1000-7f952b0f1000 ---p 0003d000 08:01 2887534                    /lib/x86_64-linux-gnu/libpcre.so.3.13.1
7f952b0f1000-7f952b0f2000 r--p 0003d000 08:01 2887534                    /lib/x86_64-linux-gnu/libpcre.so.3.13.1
7f952b0f2000-7f952b0f3000 rw-p 0003e000 08:01 2887534                    /lib/x86_64-linux-gnu/libpcre.so.3.13.1
7f952b0f3000-7f952b0fa000 r-xp 00000000 08:01 2629915                    /usr/lib/x86_64-linux-gnu/libffi.so.6.0.1
7f952b0fa000-7f952b2f9000 ---p 00007000 08:01 2629915                    /usr/lib/x86_64-linux-gnu/libffi.so.6.0.1
7f952b2f9000-7f952b2fa000 r--p 00006000 08:01 2629915                    /usr/lib/x86_64-linux-gnu/libffi.so.6.0.1
7f952b2fa000-7f952b2fb000 rw-p 00007000 08:01 2629915                    /usr/lib/x86_64-linux-gnu/libffi.so.6.0.1
7f952b2fb000-7f952b321000 r-xp 00000000 08:01 2887459                    /lib/x86_64-linux-gnu/libexpat.so.1.6.0
7f952b321000-7f952b521000 ---p 00026000 08:01 2887459                    /lib/x86_64-linux-gnu/libexpat.so.1.6.0
7f952b521000-7f952b523000 r--p 00026000 08:01 2887459                    /lib/x86_64-linux-gnu/libexpat.so.1.6.0
7f952b523000-7f952b524000 rw-p 00028000 08:01 2887459                    /lib/x86_64-linux-gnu/libexpat.so.1.6.0
7f952b524000-7f952b5bb000 r-xp 00000000 08:01 2629951                    /usr/lib/x86_64-linux-gnu/libfreetype.so.6.10.0
7f952b5bb000-7f952b7ba000 ---p 00097000 08:01 2629951                    /usr/lib/x86_64-linux-gnu/libfreetype.so.6.10.0
7f952b7ba000-7f952b7c0000 r--p 00096000 08:01 2629951                    /usr/lib/x86_64-linux-gnu/libfreetype.so.6.10.0
7f952b7c0000-7f952b7c1000 rw-p 0009c000 08:01 2629951                    /usr/lib/x86_64-linux-gnu/libfreetype.so.6.10.0
7f952b7c1000-7f952b7d7000 r-xp 00000000 08:01 2884518                    /lib/x86_64-linux-gnu/libresolv-2.17.so
7f952b7d7000-7f952b9d7000 ---p 00016000 08:01 2884518                    /lib/x86_64-linux-gnu/libresolv-2.17.so
7f952b9d7000-7f952b9d8000 r--p 00016000 08:01 2884518                    /lib/x86_64-linux-gnu/libresolv-2.17.so
7f952b9d8000-7f952b9d9000 rw-p 00017000 08:01 2884518                    /lib/x86_64-linux-gnu/libresolv-2.17.so
7f952b9d9000-7f952b9db000 rw-p 00000000 00:00 0 
7f952b9db000-7f952b9f8000 r-xp 00000000 08:01 2887561                    /lib/x86_64-linux-gnu/libselinux.so.1
7f952b9f8000-7f952bbf7000 ---p 0001d000 08:01 2887561                    /lib/x86_64-linux-gnu/libselinux.so.1
7f952bbf7000-7f952bbf8000 r--p 0001c000 08:01 2887561                    /lib/x86_64-linux-gnu/libselinux.so.1
7f952bbf8000-7f952bbf9000 rw-p 0001d000 08:01 2887561                    /lib/x86_64-linux-gnu/libselinux.so.1
7f952bbf9000-7f952bbfa000 rw-p 00000000 00:00 0 
7f952bbfa000-7f952bbfc000 r-xp 00000000 08:01 2629686                    /usr/lib/x86_64-linux-gnu/libXdamage.so.1.1.0
7f952bbfc000-7f952bdfb000 ---p 00002000 08:01 2629686                    /usr/lib/x86_64-linux-gnu/libXdamage.so.1.1.0
7f952bdfb000-7f952bdfc000 r--p 00001000 08:01 2629686                    /usr/lib/x86_64-linux-gnu/libXdamage.so.1.1.0
7f952bdfc000-7f952bdfd000 rw-p 00002000 08:01 2629686                    /usr/lib/x86_64-linux-gnu/libXdamage.so.1.1.0
7f952bdfd000-7f952bdff000 r-xp 00000000 08:01 2629682                    /usr/lib/x86_64-linux-gnu/libXcomposite.so.1.0.0
7f952bdff000-7f952bffe000 ---p 00002000 08:01 2629682                    /usr/lib/x86_64-linux-gnu/libXcomposite.so.1.0.0
7f952bffe000-7f952bfff000 r--p 00001000 08:01 2629682                    /usr/lib/x86_64-linux-gnu/libXcomposite.so.1.0.0
7f952bfff000-7f952c000000 rw-p 00002000 08:01 2629682                    /usr/lib/x86_64-linux-gnu/libXcomposite.so.1.0.0
7f952c000000-7f952c021000 rw-p 00000000 00:00 0 
7f952c021000-7f9530000000 ---p 00000000 00:00 0 
7f9530000000-7f9530021000 rw-p 00000000 00:00 0 
7f9530021000-7f9534000000 ---p 00000000 00:00 0 
7f9534000000-7f9534858000 rw-p 00000000 00:00 0 
7f9534858000-7f9538000000 ---p 00000000 00:00 0 
7f9538000000-7f9538b5e000 rw-p 00000000 00:00 0 
7f9538b5e000-7f953c000000 ---p 00000000 00:00 0 
7f953c000000-7f953c021000 rw-p 00000000 00:00 0 
7f953c021000-7f9540000000 ---p 00000000 00:00 0 
7f9540000000-7f9540021000 rw-p 00000000 00:00 0 
7f9540021000-7f9544000000 ---p 00000000 00:00 0 
7f9544000000-7f9544021000 rw-p 00000000 00:00 0 
7f9544021000-7f9548000000 ---p 00000000 00:00 0 
7f9548000000-7f9548021000 rw-p 00000000 00:00 0 
7f9548021000-7f954c000000 ---p 00000000 00:00 0 
7f954c000000-7f954c021000 rw-p 00000000 00:00 0 
7f954c021000-7f9550000000 ---p 00000000 00:00 0 
7f9550000000-7f9550001000 r--s 00000000 08:01 532537                     /var/cache/fontconfig/0d8c3b2ac0904cb8a57a757ad11a4a08-le64.cache-3
7f9550001000-7f9550002000 r--s 00000000 08:01 532539                     /var/cache/fontconfig/1ac9eb803944fde146138c791f5cc56a-le64.cache-3
7f9550002000-7f9550005000 r--s 00000000 08:01 532544                     /var/cache/fontconfig/385c0604a188198f04d133e54aba7fe7-le64.cache-3
7f9550005000-7f9550006000 r--s 00000000 08:01 532569                     /var/cache/fontconfig/dc05db6664285cc2f12bf69c139ae4c3-le64.cache-3
7f9550006000-7f9550009000 r--s 00000000 08:01 532554                     /var/cache/fontconfig/8801497958630a81b71ace7c5f9b32a8-le64.cache-3
7f9550009000-7f955000e000 r--s 00000000 08:01 532541                     /var/cache/fontconfig/3047814df9a2f067bd2d96a2b9c36e5a-le64.cache-3
7f955000e000-7f955001f000 r--s 00000000 08:01 532567                     /var/cache/fontconfig/d52a8644073d54c13679302ca1180695-le64.cache-3
7f955001f000-7f9550028000 r-xp 00000000 08:01 2629709                    /usr/lib/x86_64-linux-gnu/libXcursor.so.1.0.2
7f9550028000-7f9550228000 ---p 00009000 08:01 2629709                    /usr/lib/x86_64-linux-gnu/libXcursor.so.1.0.2
7f9550228000-7f9550229000 r--p 00009000 08:01 2629709                    /usr/lib/x86_64-linux-gnu/libXcursor.so.1.0.2
7f9550229000-7f955022a000 rw-p 0000a000 08:01 2629709                    /usr/lib/x86_64-linux-gnu/libXcursor.so.1.0.2
7f955022a000-7f9550233000 r-xp 00000000 08:01 2629703                    /usr/lib/x86_64-linux-gnu/libXrandr.so.2.2.0
7f9550233000-7f9550432000 ---p 00009000 08:01 2629703                    /usr/lib/x86_64-linux-gnu/libXrandr.so.2.2.0
7f9550432000-7f9550433000 r--p 00008000 08:01 2629703                    /usr/lib/x86_64-linux-gnu/libXrandr.so.2.2.0
7f9550433000-7f9550434000 rw-p 00009000 08:01 2629703                    /usr/lib/x86_64-linux-gnu/libXrandr.so.2.2.0
7f9550434000-7f9550436000 r-xp 00000000 08:01 2629695                    /usr/lib/x86_64-linux-gnu/libXinerama.so.1.0.0
7f9550436000-7f9550635000 ---p 00002000 08:01 2629695                    /usr/lib/x86_64-linux-gnu/libXinerama.so.1.0.0
7f9550635000-7f9550636000 r--p 00001000 08:01 2629695                    /usr/lib/x86_64-linux-gnu/libXinerama.so.1.0.0
7f9550636000-7f9550637000 rw-p 00002000 08:01 2629695                    /usr/lib/x86_64-linux-gnu/libXinerama.so.1.0.0
7f9550637000-7f955064a000 r-xp 00000000 08:01 2630306                    /usr/lib/x86_64-linux-gnu/libpangoft2-1.0.so.0.3200.5
7f955064a000-7f9550849000 ---p 00013000 08:01 2630306                    /usr/lib/x86_64-linux-gnu/libpangoft2-1.0.so.0.3200.5
7f9550849000-7f955084a000 r--p 00012000 08:01 2630306                    /usr/lib/x86_64-linux-gnu/libpangoft2-1.0.so.0.3200.5
7f955084a000-7f955084b000 rw-p 00013000 08:01 2630306                    /usr/lib/x86_64-linux-gnu/libpangoft2-1.0.so.0.3200.5
7f955084b000-7f9550949000 r-xp 00000000 08:01 2629789                    /usr/lib/x86_64-linux-gnu/libcairo.so.2.11200.14
7f9550949000-7f9550b49000 ---p 000fe000 08:01 2629789                    /usr/lib/x86_64-linux-gnu/libcairo.so.2.11200.14
7f9550b49000-7f9550b4c000 r--p 000fe000 08:01 2629789                    /usr/lib/x86_64-linux-gnu/libcairo.so.2.11200.14
7f9550b4c000-7f9550b4d000 rw-p 00101000 08:01 2629789                    /usr/lib/x86_64-linux-gnu/libcairo.so.2.11200.14
7f9550b4d000-7f9550b4f000 rw-p 00000000 00:00 0 
7f9550b4f000-7f9550b6f000 r-xp 00000000 08:01 2629753                    /usr/lib/x86_64-linux-gnu/libatk-1.0.so.0.20809.1
7f9550b6f000-7f9550d6e000 ---p 00020000 08:01 2629753                    /usr/lib/x86_64-linux-gnu/libatk-1.0.so.0.20809.1
7f9550d6e000-7f9550d70000 r--p 0001f000 08:01 2629753                    /usr/lib/x86_64-linux-gnu/libatk-1.0.so.0.20809.1
7f9550d70000-7f9550d71000 rw-p 00021000 08:01 2629753                    /usr/lib/x86_64-linux-gnu/libatk-1.0.so.0.20809.1
7f9550d71000-7f9550d76000 r-xp 00000000 08:01 2630548                    /usr/lib/x86_64-linux-gnu/libXfixes.so.3.1.0
7f9550d76000-7f9550f75000 ---p 00005000 08:01 2630548                    /usr/lib/x86_64-linux-gnu/libXfixes.so.3.1.0
7f9550f75000-7f9550f76000 r--p 00004000 08:01 2630548                    /usr/lib/x86_64-linux-gnu/libXfixes.so.3.1.0
7f9550f76000-7f9550f77000 rw-p 00005000 08:01 2630548                    /usr/lib/x86_64-linux-gnu/libXfixes.so.3.1.0
7f9550f77000-7f9550f82000 r-xp 00000000 08:01 2630304                    /usr/lib/x86_64-linux-gnu/libpangocairo-1.0.so.0.3200.5
7f9550f82000-7f9551182000 ---p 0000b000 08:01 2630304                    /usr/lib/x86_64-linux-gnu/libpangocairo-1.0.so.0.3200.5
7f9551182000-7f9551183000 r--p 0000b000 08:01 2630304                    /usr/lib/x86_64-linux-gnu/libpangocairo-1.0.so.0.3200.5
7f9551183000-7f9551184000 rw-p 0000c000 08:01 2630304                    /usr/lib/x86_64-linux-gnu/libpangocairo-1.0.so.0.3200.5
7f9551184000-7f9551187000 r-xp 00000000 08:01 2630008                    /usr/lib/x86_64-linux-gnu/libgmodule-2.0.so.0.3600.0
7f9551187000-7f9551386000 ---p 00003000 08:01 2630008                    /usr/lib/x86_64-linux-gnu/libgmodule-2.0.so.0.3600.0
7f9551386000-7f9551387000 r--p 00002000 08:01 2630008                    /usr/lib/x86_64-linux-gnu/libgmodule-2.0.so.0.3600.0
7f9551387000-7f9551388000 rw-p 00003000 08:01 2630008                    /usr/lib/x86_64-linux-gnu/libgmodule-2.0.so.0.3600.0
7f9551388000-7f95513a5000 r-xp 00000000 08:01 2630015                    /usr/lib/x86_64-linux-gnu/libxcb.so.1.1.0
7f95513a5000-7f95515a4000 ---p 0001d000 08:01 2630015                    /usr/lib/x86_64-linux-gnu/libxcb.so.1.1.0
7f95515a4000-7f95515a5000 r--p 0001c000 08:01 2630015                    /usr/lib/x86_64-linux-gnu/libxcb.so.1.1.0
7f95515a5000-7f95515a6000 rw-p 0001d000 08:01 2630015                    /usr/lib/x86_64-linux-gnu/libxcb.so.1.1.0
7f95515a6000-7f9551600000 r-xp 00000000 08:01 2629842                    /usr/lib/x86_64-linux-gnu/libcups.so.2
7f9551600000-7f9551800000 ---p 0005a000 08:01 2629842                    /usr/lib/x86_64-linux-gnu/libcups.so.2
7f9551800000-7f9551805000 r--p 0005a000 08:01 2629842                    /usr/lib/x86_64-linux-gnu/libcups.so.2
7f9551805000-7f9551806000 rw-p 0005f000 08:01 2629842                    /usr/lib/x86_64-linux-gnu/libcups.so.2
7f9551806000-7f95518ff000 r-xp 00000000 08:01 2887468                    /lib/x86_64-linux-gnu/libglib-2.0.so.0.3600.0
7f95518ff000-7f9551aff000 ---p 000f9000 08:01 2887468                    /lib/x86_64-linux-gnu/libglib-2.0.so.0.3600.0
7f9551aff000-7f9551b00000 r--p 000f9000 08:01 2887468                    /lib/x86_64-linux-gnu/libglib-2.0.so.0.3600.0
7f9551b00000-7f9551b01000 rw-p 000fa000 08:01 2887468                    /lib/x86_64-linux-gnu/libglib-2.0.so.0.3600.0
7f9551b01000-7f9551b02000 rw-p 00000000 00:00 0 
7f9551b02000-7f9551b03000 r-xp 00000000 08:01 2630119                    /usr/lib/x86_64-linux-gnu/libgthread-2.0.so.0.3600.0
7f9551b03000-7f9551d02000 ---p 00001000 08:01 2630119                    /usr/lib/x86_64-linux-gnu/libgthread-2.0.so.0.3600.0
7f9551d02000-7f9551d03000 r--p 00000000 08:01 2630119                    /usr/lib/x86_64-linux-gnu/libgthread-2.0.so.0.3600.0
7f9551d03000-7f9551d04000 rw-p 00001000 08:01 2630119                    /usr/lib/x86_64-linux-gnu/libgthread-2.0.so.0.3600.0
7f9551d04000-7f9551d51000 r-xp 00000000 08:01 2630024                    /usr/lib/x86_64-linux-gnu/libgobject-2.0.so.0.3600.0
7f9551d51000-7f9551f51000 ---p 0004d000 08:01 2630024                    /usr/lib/x86_64-linux-gnu/libgobject-2.0.so.0.3600.0
7f9551f51000-7f9551f52000 r--p 0004d000 08:01 2630024                    /usr/lib/x86_64-linux-gnu/libgobject-2.0.so.0.3600.0
7f9551f52000-7f9551f53000 rw-p 0004e000 08:01 2630024                    /usr/lib/x86_64-linux-gnu/libgobject-2.0.so.0.3600.0
7f9551f53000-7f9551f8a000 r-xp 00000000 08:01 2629923                    /usr/lib/x86_64-linux-gnu/libfontconfig.so.1.6.2
7f9551f8a000-7f955218a000 ---p 00037000 08:01 2629923                    /usr/lib/x86_64-linux-gnu/libfontconfig.so.1.6.2
7f955218a000-7f955218b000 r--p 00037000 08:01 2629923                    /usr/lib/x86_64-linux-gnu/libfontconfig.so.1.6.2
7f955218b000-7f955218c000 rw-p 00038000 08:01 2629923                    /usr/lib/x86_64-linux-gnu/libfontconfig.so.1.6.2
7f955218c000-7f955218d000 rw-p 00000000 00:00 0 
7f955218d000-7f95521d5000 r-xp 00000000 08:01 2630302                    /usr/lib/x86_64-linux-gnu/libpango-1.0.so.0.3200.5
7f95521d5000-7f95523d5000 ---p 00048000 08:01 2630302                    /usr/lib/x86_64-linux-gnu/libpango-1.0.so.0.3200.5
7f95523d5000-7f95523d7000 r--p 00048000 08:01 2630302                    /usr/lib/x86_64-linux-gnu/libpango-1.0.so.0.3200.5
7f95523d7000-7f95523d8000 rw-p 0004a000 08:01 2630302                    /usr/lib/x86_64-linux-gnu/libpango-1.0.so.0.3200.5
7f95523d8000-7f95523f6000 r-xp 00000000 08:01 2629982                    /usr/lib/x86_64-linux-gnu/libgdk_pixbuf-2.0.so.0.2800.0
7f95523f6000-7f95525f6000 ---p 0001e000 08:01 2629982                    /usr/lib/x86_64-linux-gnu/libgdk_pixbuf-2.0.so.0.2800.0
7f95525f6000-7f95525f7000 r--p 0001e000 08:01 2629982                    /usr/lib/x86_64-linux-gnu/libgdk_pixbuf-2.0.so.0.2800.0
7f95525f7000-7f95525f8000 rw-p 0001f000 08:01 2629982                    /usr/lib/x86_64-linux-gnu/libgdk_pixbuf-2.0.so.0.2800.0
7f95525f8000-7f955274b000 r-xp 00000000 08:01 2629998                    /usr/lib/x86_64-linux-gnu/libgio-2.0.so.0.3600.0
7f955274b000-7f955294a000 ---p 00153000 08:01 2629998                    /usr/lib/x86_64-linux-gnu/libgio-2.0.so.0.3600.0
7f955294a000-7f955294e000 r--p 00152000 08:01 2629998                    /usr/lib/x86_64-linux-gnu/libgio-2.0.so.0.3600.0
7f955294e000-7f9552950000 rw-p 00156000 08:01 2629998                    /usr/lib/x86_64-linux-gnu/libgio-2.0.so.0.3600.0
7f9552950000-7f9552952000 rw-p 00000000 00:00 0 
7f9552952000-7f95529ff000 r-xp 00000000 08:01 2629980                    /usr/lib/x86_64-linux-gnu/libgdk-x11-2.0.so.0.2400.17
7f95529ff000-7f9552bfe000 ---p 000ad000 08:01 2629980                    /usr/lib/x86_64-linux-gnu/libgdk-x11-2.0.so.0.2400.17
7f9552bfe000-7f9552c02000 r--p 000ac000 08:01 2629980                    /usr/lib/x86_64-linux-gnu/libgdk-x11-2.0.so.0.2400.17
7f9552c02000-7f9552c04000 rw-p 000b0000 08:01 2629980                    /usr/lib/x86_64-linux-gnu/libgdk-x11-2.0.so.0.2400.17
7f9552c04000-7f9553031000 r-xp 00000000 08:01 2630123                    /usr/lib/x86_64-linux-gnu/libgtk-x11-2.0.so.0.2400.17
7f9553031000-7f9553230000 ---p 0042d000 08:01 2630123                    /usr/lib/x86_64-linux-gnu/libgtk-x11-2.0.so.0.2400.17
7f9553230000-7f9553237000 r--p 0042c000 08:01 2630123                    /usr/lib/x86_64-linux-gnu/libgtk-x11-2.0.so.0.2400.17
7f9553237000-7f955323b000 rw-p 00433000 08:01 2630123                    /usr/lib/x86_64-linux-gnu/libgtk-x11-2.0.so.0.2400.17
7f955323b000-7f955323d000 rw-p 00000000 00:00 0 
7f955323d000-7f955324b000 r-xp 00000000 08:01 2629683                    /usr/lib/x86_64-linux-gnu/libXi.so.6.1.0
7f955324b000-7f955344b000 ---p 0000e000 08:01 2629683                    /usr/lib/x86_64-linux-gnu/libXi.so.6.1.0
7f955344b000-7f955344c000 r--p 0000e000 08:01 2629683                    /usr/lib/x86_64-linux-gnu/libXi.so.6.1.0
7f955344c000-7f955344d000 rw-p 0000f000 08:01 2629683                    /usr/lib/x86_64-linux-gnu/libXi.so.6.1.0
7f955344d000-7f9553452000 r-xp 00000000 08:01 2629711                    /usr/lib/x86_64-linux-gnu/libXtst.so.6.1.0
7f9553452000-7f9553651000 ---p 00005000 08:01 2629711                    /usr/lib/x86_64-linux-gnu/libXtst.so.6.1.0
7f9553651000-7f9553652000 r--p 00004000 08:01 2629711                    /usr/lib/x86_64-linux-gnu/libXtst.so.6.1.0
7f9553652000-7f9553653000 rw-p 00005000 08:01 2629711                    /usr/lib/x86_64-linux-gnu/libXtst.so.6.1.0
7f9553653000-7f955365c000 r-xp 00000000 08:01 2629691                    /usr/lib/x86_64-linux-gnu/libXrender.so.1.3.0
7f955365c000-7f955385b000 ---p 00009000 08:01 2629691                    /usr/lib/x86_64-linux-gnu/libXrender.so.1.3.0
7f955385b000-7f955385c000 r--p 00008000 08:01 2629691                    /usr/lib/x86_64-linux-gnu/libXrender.so.1.3.0
7f955385c000-7f955385d000 rw-p 00009000 08:01 2629691                    /usr/lib/x86_64-linux-gnu/libXrender.so.1.3.0
7f955385d000-7f9553991000 r-xp 00000000 08:01 2630017                    /usr/lib/x86_64-linux-gnu/libX11.so.6.3.0
7f9553991000-7f9553b91000 ---p 00134000 08:01 2630017                    /usr/lib/x86_64-linux-gnu/libX11.so.6.3.0
7f9553b91000-7f9553b92000 r--p 00134000 08:01 2630017                    /usr/lib/x86_64-linux-gnu/libX11.so.6.3.0
7f9553b92000-7f9553b97000 rw-p 00135000 08:01 2630017                    /usr/lib/x86_64-linux-gnu/libX11.so.6.3.0
7f9553b97000-7f9553ba8000 r-xp 00000000 08:01 2629672                    /usr/lib/x86_64-linux-gnu/libXext.so.6.4.0
7f9553ba8000-7f9553da7000 ---p 00011000 08:01 2629672                    /usr/lib/x86_64-linux-gnu/libXext.so.6.4.0
7f9553da7000-7f9553da8000 r--p 00010000 08:01 2629672                    /usr/lib/x86_64-linux-gnu/libXext.so.6.4.0
7f9553da8000-7f9553da9000 rw-p 00011000 08:01 2629672                    /usr/lib/x86_64-linux-gnu/libXext.so.6.4.0
7f9553da9000-7f9553dfc000 r-xp 00000000 08:01 1979448                    /usr/lib/jvm/java-7-openjdk-amd64/jre/lib/amd64/xawt/libmawt.so
7f9553dfc000-7f9553ffb000 ---p 00053000 08:01 1979448                    /usr/lib/jvm/java-7-openjdk-amd64/jre/lib/amd64/xawt/libmawt.so
7f9553ffb000-7f9553ffc000 r--p 00052000 08:01 1979448                    /usr/lib/jvm/java-7-openjdk-amd64/jre/lib/amd64/xawt/libmawt.so
7f9553ffc000-7f9553fff000 rw-p 00053000 08:01 1979448                    /usr/lib/jvm/java-7-openjdk-amd64/jre/lib/amd64/xawt/libmawt.so
7f9553fff000-7f9554000000 rw-p 00000000 00:00 0 
7f9554000000-7f9554024000 rw-p 00000000 00:00 0 
7f9554024000-7f9558000000 ---p 00000000 00:00 0 
7f9558000000-7f9558002000 r--s 00000000 08:01 532552                     /var/cache/fontconfig/767a8244fc0220cfb567a839d0392e0b-le64.cache-3
7f9558002000-7f9558007000 r--s 00000000 08:01 532561                     /var/cache/fontconfig/b47c4e1ecd0709278f4910c18777a504-le64.cache-3
7f9558007000-7f9558013000 r--s 00000000 08:01 536988                     /var/cache/fontconfig/089dead882dea3570ffc31a9898cfb69-le64.cache-3
7f9558013000-7f9558025000 r--s 00000000 08:01 538736                     /var/cache/fontconfig/e13b20fdb08344e0e664864cc2ede53d-le64.cache-3
7f9558025000-7f955802f000 r--s 00000000 08:01 525283                     /var/cache/fontconfig/8f02d4cb045bd6ce15663e43f347c9f8-le64.cache-3
7f955802f000-7f9558047000 r--s 00000000 08:01 525263                     /var/cache/fontconfig/467c019e582ee353435ea5c21d137ef6-le64.cache-3
7f9558047000-7f95580e8000 r-xp 00000000 08:01 1976584                    /usr/lib/jvm/java-7-openjdk-amd64/jre/lib/amd64/libawt.so
7f95580e8000-7f95582e8000 ---p 000a1000 08:01 1976584                    /usr/lib/jvm/java-7-openjdk-amd64/jre/lib/amd64/libawt.so
7f95582e8000-7f95582e9000 r--p 000a1000 08:01 1976584                    /usr/lib/jvm/java-7-openjdk-amd64/jre/lib/amd64/libawt.so
7f95582e9000-7f95582f4000 rw-p 000a2000 08:01 1976584                    /usr/lib/jvm/java-7-openjdk-amd64/jre/lib/amd64/libawt.so
7f95582f4000-7f9558319000 rw-p 00000000 00:00 0 
7f9558319000-7f955831a000 ---p 00000000 00:00 0 
7f955831a000-7f955841a000 rw-p 00000000 00:00 0                          [stack:8434]
7f955841a000-7f955841d000 ---p 00000000 00:00 0 
7f955841d000-7f955851b000 rw-p 00000000 00:00 0                          [stack:8433]
7f955851b000-7f955851e000 ---p 00000000 00:00 0 
7f955851e000-7f955861c000 rw-p 00000000 00:00 0                          [stack:8432]
7f955861c000-7f955861f000 ---p 00000000 00:00 0 
7f955861f000-7f955871d000 rw-p 00000000 00:00 0                          [stack:8431]
7f955871d000-7f9558720000 ---p 00000000 00:00 0 
7f9558720000-7f955881e000 rw-p 00000000 00:00 0                          [stack:8430]
7f955881e000-7f9558eff000 r--p 00000000 08:01 2628462                    /usr/lib/locale/locale-archive
7f9558eff000-7f9558f02000 ---p 00000000 00:00 0 
7f9558f02000-7f9559000000 rw-p 00000000 00:00 0                          [stack:8429]
7f9559000000-7f9559270000 rwxp 00000000 00:00 0 
7f9559270000-7f955c91a000 rw-p 00000000 00:00 0 
7f955c91a000-7f9560000000 ---p 00000000 00:00 0 
7f9560000000-7f9560001000 r--s 00000000 08:01 532545                     /var/cache/fontconfig/4794a0821666d79190d59a36cb4f44b5-le64.cache-3
7f9560001000-7f9560002000 r--s 00000000 08:01 532547                     /var/cache/fontconfig/56cf4f4769d0f4abc89a4895d7bd3ae1-le64.cache-3
7f9560002000-7f9560003000 r--s 00000000 08:01 532562                     /var/cache/fontconfig/b9d506c9ac06c20b433354fa67a72993-le64.cache-3
7f9560003000-7f9560004000 r--s 00000000 08:01 532536                     /var/cache/fontconfig/0c9eb80ebd1c36541ebe2852d3bb0c49-le64.cache-3
7f9560004000-7f9560008000 r--s 00000000 08:01 531791                     /var/cache/fontconfig/7ef2298fde41cc6eeb7af42e48b7d293-le64.cache-3
7f9560008000-7f9560009000 r--s 00000000 08:01 532558                     /var/cache/fontconfig/16326683038b281783a0ef8c680e3a10-le64.cache-3
7f9560009000-7f956000a000 r--s 00000000 08:01 525277                     /var/cache/fontconfig/e0aa53bcfa504e64f87823c16bc01eb6-le64.cache-3
7f956000a000-7f956003b000 rw-p 00000000 00:00 0 
7f956003b000-7f956003d000 r--s 00006000 08:01 159647                     /usr/share/java/jgoodies-common.jar
7f956003d000-7f9560040000 r--s 0001b000 08:01 159652                     /usr/share/java/jgoodies-forms.jar
7f9560040000-7f956004a000 r--s 00044000 08:01 2650027                    /usr/share/freemind/lib/bindings.jar
7f956004a000-7f956004c000 r--s 0001b000 08:01 159664                     /usr/share/java/xpp3-1.1.4c.jar
7f956004c000-7f956004e000 r--s 00012000 08:01 159708                     /usr/share/java/jibx-run-1.1.6a.jar
7f956004e000-7f956004f000 r--s 0000a000 08:01 159727                     /usr/share/java/gnu-regexp-1.1.4.jar
7f956004f000-7f9560050000 r--s 0000a000 08:01 159727                     /usr/share/java/gnu-regexp-1.1.4.jar
7f9560050000-7f9560056000 r--s 00051000 08:01 159786                     /usr/share/java/SimplyHTMLHelp-0.16.07.jar
7f9560056000-7f956005f000 r--s 0008e000 08:01 159831                     /usr/share/java/jhall-2.0.05.ds1.jar
7f956005f000-7f9560067000 r--s 00062000 08:01 159785                     /usr/share/java/SimplyHTML-0.16.07.jar
7f9560067000-7f956006f000 r--s 00062000 08:01 159785                     /usr/share/java/SimplyHTML-0.16.07.jar
7f956006f000-7f9560076000 r--s 00000000 08:01 146254                     /usr/lib/x86_64-linux-gnu/gconv/gconv-modules.cache
7f9560076000-7f956009a000 r--p 00000000 08:01 269125                     /usr/share/locale-langpack/es/LC_MESSAGES/libc.mo
7f956009a000-7f95600a3000 r--s 000bc000 08:01 397628                     /usr/lib/jvm/java-7-openjdk-common/jre/lib/resources.jar
7f95600a3000-7f95600be000 r--s 0025f000 08:01 2650028                    /usr/share/freemind/lib/freemind.jar
7f95600be000-7f95600c1000 r--s 00032000 08:01 693847                     /usr/lib/jvm/java-7-openjdk-common/jre/lib/ext/sunjce_provider.jar
7f95600c1000-7f95600c2000 r--s 00002000 08:01 693849                     /usr/lib/jvm/java-7-openjdk-common/jre/lib/ext/dnsns.jar
7f95600c2000-7f95600c4000 r--s 00006000 08:01 159561                     /usr/share/java/java-atk-wrapper.jar
7f95600c4000-7f95600c7000 ---p 00000000 00:00 0 
7f95600c7000-7f95601c5000 rw-p 00000000 00:00 0                          [stack:8428]
7f95601c5000-7f95601c6000 ---p 00000000 00:00 0 
7f95601c6000-7f9560c7d000 rw-p 00000000 00:00 0                          [stack:8427]
7f9560c7d000-7f9560e2a000 r--s 01cec000 08:01 1976554                    /usr/lib/jvm/java-7-openjdk-amd64/jre/lib/rt.jar
7f9560e2a000-7f9561ece000 rw-p 00000000 00:00 0 
7f9561ece000-7f9561ecf000 ---p 00000000 00:00 0 
7f9561ecf000-7f9561fcf000 rw-p 00000000 00:00 0                          [stack:8426]
7f9561fcf000-7f9561fd0000 ---p 00000000 00:00 0 
7f9561fd0000-7f95620e8000 rw-p 00000000 00:00 0                          [stack:8425]
7f95620e8000-7f9562123000 rw-p 00000000 00:00 0 
7f9562123000-7f9562143000 rw-p 00000000 00:00 0 
7f9562143000-7f9562179000 rw-p 00000000 00:00 0 
7f9562179000-7f9562191000 rw-p 00000000 00:00 0 
7f9562191000-7f95621cc000 rw-p 00000000 00:00 0 
7f95621cc000-7f95621ec000 rw-p 00000000 00:00 0 
7f95621ec000-7f9562221000 rw-p 00000000 00:00 0 
7f9562221000-7f956224b000 rw-p 00000000 00:00 0 
7f956224b000-7f956224c000 ---p 00000000 00:00 0 
7f956224c000-7f956224d000 rw-p 00000000 00:00 0 
7f956224d000-7f9562255000 r-xp 00000000 08:01 1976599                    /usr/lib/jvm/java-7-openjdk-amd64/jre/lib/amd64/libzip.so
7f9562255000-7f9562454000 ---p 00008000 08:01 1976599                    /usr/lib/jvm/java-7-openjdk-amd64/jre/lib/amd64/libzip.so
7f9562454000-7f9562455000 r--p 00007000 08:01 1976599                    /usr/lib/jvm/java-7-openjdk-amd64/jre/lib/amd64/libzip.so
7f9562455000-7f9562456000 rw-p 00008000 08:01 1976599                    /usr/lib/jvm/java-7-openjdk-amd64/jre/lib/amd64/libzip.so
7f9562456000-7f9562462000 r-xp 00000000 08:01 2884599                    /lib/x86_64-linux-gnu/libnss_files-2.17.so
7f9562462000-7f9562661000 ---p 0000c000 08:01 2884599                    /lib/x86_64-linux-gnu/libnss_files-2.17.so
7f9562661000-7f9562662000 r--p 0000b000 08:01 2884599                    /lib/x86_64-linux-gnu/libnss_files-2.17.so
7f9562662000-7f9562663000 rw-p 0000c000 08:01 2884599                    /lib/x86_64-linux-gnu/libnss_files-2.17.so
7f9562663000-7f956266e000 r-xp 00000000 08:01 2884631                    /lib/x86_64-linux-gnu/libnss_nis-2.17.so
7f956266e000-7f956286d000 ---p 0000b000 08:01 2884631                    /lib/x86_64-linux-gnu/libnss_nis-2.17.so
7f956286d000-7f956286e000 r--p 0000a000 08:01 2884631                    /lib/x86_64-linux-gnu/libnss_nis-2.17.so
7f956286e000-7f956286f000 rw-p 0000b000 08:01 2884631                    /lib/x86_64-linux-gnu/libnss_nis-2.17.so
7f956286f000-7f9562886000 r-xp 00000000 08:01 2884595                    /lib/x86_64-linux-gnu/libnsl-2.17.so
7f9562886000-7f9562a85000 ---p 00017000 08:01 2884595                    /lib/x86_64-linux-gnu/libnsl-2.17.so
7f9562a85000-7f9562a86000 r--p 00016000 08:01 2884595                    /lib/x86_64-linux-gnu/libnsl-2.17.so
7f9562a86000-7f9562a87000 rw-p 00017000 08:01 2884595                    /lib/x86_64-linux-gnu/libnsl-2.17.so
7f9562a87000-7f9562a89000 rw-p 00000000 00:00 0 
7f9562a89000-7f9562a91000 r-xp 00000000 08:01 2884633                    /lib/x86_64-linux-gnu/libnss_compat-2.17.so
7f9562a91000-7f9562c90000 ---p 00008000 08:01 2884633                    /lib/x86_64-linux-gnu/libnss_compat-2.17.so
7f9562c90000-7f9562c91000 r--p 00007000 08:01 2884633                    /lib/x86_64-linux-gnu/libnss_compat-2.17.so
7f9562c91000-7f9562c92000 rw-p 00008000 08:01 2884633                    /lib/x86_64-linux-gnu/libnss_compat-2.17.so
7f9562c92000-7f9562cbd000 r-xp 00000000 08:01 1976583                    /usr/lib/jvm/java-7-openjdk-amd64/jre/lib/amd64/libjava.so
7f9562cbd000-7f9562ebc000 ---p 0002b000 08:01 1976583                    /usr/lib/jvm/java-7-openjdk-amd64/jre/lib/amd64/libjava.so
7f9562ebc000-7f9562ebd000 r--p 0002a000 08:01 1976583                    /usr/lib/jvm/java-7-openjdk-amd64/jre/lib/amd64/libjava.so
7f9562ebd000-7f9562ebf000 rw-p 0002b000 08:01 1976583                    /usr/lib/jvm/java-7-openjdk-amd64/jre/lib/amd64/libjava.so
7f9562ebf000-7f9562ece000 r-xp 00000000 08:01 1976582                    /usr/lib/jvm/java-7-openjdk-amd64/jre/lib/amd64/libverify.so
7f9562ece000-7f95630cd000 ---p 0000f000 08:01 1976582                    /usr/lib/jvm/java-7-openjdk-amd64/jre/lib/amd64/libverify.so
7f95630cd000-7f95630cf000 r--p 0000e000 08:01 1976582                    /usr/lib/jvm/java-7-openjdk-amd64/jre/lib/amd64/libverify.so
7f95630cf000-7f95630d0000 rw-p 00010000 08:01 1976582                    /usr/lib/jvm/java-7-openjdk-amd64/jre/lib/amd64/libverify.so
7f95630d0000-7f95630d7000 r-xp 00000000 08:01 2884602                    /lib/x86_64-linux-gnu/librt-2.17.so
7f95630d7000-7f95632d6000 ---p 00007000 08:01 2884602                    /lib/x86_64-linux-gnu/librt-2.17.so
7f95632d6000-7f95632d7000 r--p 00006000 08:01 2884602                    /lib/x86_64-linux-gnu/librt-2.17.so
7f95632d7000-7f95632d8000 rw-p 00007000 08:01 2884602                    /lib/x86_64-linux-gnu/librt-2.17.so
7f95632d8000-7f95632ec000 r-xp 00000000 08:01 2887464                    /lib/x86_64-linux-gnu/libgcc_s.so.1
7f95632ec000-7f95634ec000 ---p 00014000 08:01 2887464                    /lib/x86_64-linux-gnu/libgcc_s.so.1
7f95634ec000-7f95634ed000 r--p 00014000 08:01 2887464                    /lib/x86_64-linux-gnu/libgcc_s.so.1
7f95634ed000-7f95634ee000 rw-p 00015000 08:01 2887464                    /lib/x86_64-linux-gnu/libgcc_s.so.1
7f95634ee000-7f95635f1000 r-xp 00000000 08:01 2884632                    /lib/x86_64-linux-gnu/libm-2.17.so
7f95635f1000-7f95637f1000 ---p 00103000 08:01 2884632                    /lib/x86_64-linux-gnu/libm-2.17.so
7f95637f1000-7f95637f2000 r--p 00103000 08:01 2884632                    /lib/x86_64-linux-gnu/libm-2.17.so
7f95637f2000-7f95637f3000 rw-p 00104000 08:01 2884632                    /lib/x86_64-linux-gnu/libm-2.17.so
7f95637f3000-7f95638d8000 r-xp 00000000 08:01 2630444                    /usr/lib/x86_64-linux-gnu/libstdc++.so.6.0.17
7f95638d8000-7f9563ad7000 ---p 000e5000 08:01 2630444                    /usr/lib/x86_64-linux-gnu/libstdc++.so.6.0.17
7f9563ad7000-7f9563adf000 r--p 000e4000 08:01 2630444                    /usr/lib/x86_64-linux-gnu/libstdc++.so.6.0.17
7f9563adf000-7f9563ae1000 rw-p 000ec000 08:01 2630444                    /usr/lib/x86_64-linux-gnu/libstdc++.so.6.0.17
7f9563ae1000-7f9563af6000 rw-p 00000000 00:00 0 
7f9563af6000-7f95644e6000 r-xp 00000000 08:01 1976588                    /usr/lib/jvm/java-7-openjdk-amd64/jre/lib/amd64/server/libjvm.so
7f95644e6000-7f95646e5000 ---p 009f0000 08:01 1976588                    /usr/lib/jvm/java-7-openjdk-amd64/jre/lib/amd64/server/libjvm.so
7f95646e5000-7f9564764000 r--p 009ef000 08:01 1976588                    /usr/lib/jvm/java-7-openjdk-amd64/jre/lib/amd64/server/libjvm.so
7f9564764000-7f9564787000 rw-p 00a6e000 08:01 1976588                    /usr/lib/jvm/java-7-openjdk-amd64/jre/lib/amd64/server/libjvm.so
7f9564787000-7f95647b2000 rw-p 00000000 00:00 0 
7f95647b2000-7f95647c8000 r-xp 00000000 08:01 2887592                    /lib/x86_64-linux-gnu/libz.so.1.2.7
7f95647c8000-7f95649c7000 ---p 00016000 08:01 2887592                    /lib/x86_64-linux-gnu/libz.so.1.2.7
7f95649c7000-7f95649c8000 r--p 00015000 08:01 2887592                    /lib/x86_64-linux-gnu/libz.so.1.2.7
7f95649c8000-7f95649c9000 rw-p 00016000 08:01 2887592                    /lib/x86_64-linux-gnu/libz.so.1.2.7
7f95649c9000-7f95649e1000 r-xp 00000000 08:01 2884596                    /lib/x86_64-linux-gnu/libpthread-2.17.so
7f95649e1000-7f9564be0000 ---p 00018000 08:01 2884596                    /lib/x86_64-linux-gnu/libpthread-2.17.so
7f9564be0000-7f9564be1000 r--p 00017000 08:01 2884596                    /lib/x86_64-linux-gnu/libpthread-2.17.so
7f9564be1000-7f9564be2000 rw-p 00018000 08:01 2884596                    /lib/x86_64-linux-gnu/libpthread-2.17.so
7f9564be2000-7f9564be6000 rw-p 00000000 00:00 0 
7f9564be6000-7f9564be9000 r-xp 00000000 08:01 2884598                    /lib/x86_64-linux-gnu/libdl-2.17.so
7f9564be9000-7f9564de8000 ---p 00003000 08:01 2884598                    /lib/x86_64-linux-gnu/libdl-2.17.so
7f9564de8000-7f9564de9000 r--p 00002000 08:01 2884598                    /lib/x86_64-linux-gnu/libdl-2.17.so
7f9564de9000-7f9564dea000 rw-p 00003000 08:01 2884598                    /lib/x86_64-linux-gnu/libdl-2.17.so
7f9564dea000-7f9564fa9000 r-xp 00000000 08:01 2884635                    /lib/x86_64-linux-gnu/libc-2.17.so
7f9564fa9000-7f95651a8000 ---p 001bf000 08:01 2884635                    /lib/x86_64-linux-gnu/libc-2.17.so
7f95651a8000-7f95651ac000 r--p 001be000 08:01 2884635                    /lib/x86_64-linux-gnu/libc-2.17.so
7f95651ac000-7f95651ae000 rw-p 001c2000 08:01 2884635                    /lib/x86_64-linux-gnu/libc-2.17.so
7f95651ae000-7f95651b3000 rw-p 00000000 00:00 0 
7f95651b3000-7f95651c0000 r-xp 00000000 08:01 1976565                    /usr/lib/jvm/java-7-openjdk-amd64/jre/lib/amd64/jli/libjli.so
7f95651c0000-7f95653bf000 ---p 0000d000 08:01 1976565                    /usr/lib/jvm/java-7-openjdk-amd64/jre/lib/amd64/jli/libjli.so
7f95653bf000-7f95653c0000 r--p 0000c000 08:01 1976565                    /usr/lib/jvm/java-7-openjdk-amd64/jre/lib/amd64/jli/libjli.so
7f95653c0000-7f95653c1000 rw-p 0000d000 08:01 1976565                    /usr/lib/jvm/java-7-openjdk-amd64/jre/lib/amd64/jli/libjli.so
7f95653c1000-7f95653e4000 r-xp 00000000 08:01 2884516                    /lib/x86_64-linux-gnu/ld-2.17.so
7f95653e4000-7f956540f000 rw-p 00000000 00:00 0 
7f956540f000-7f95654c5000 rw-p 00000000 00:00 0 
7f95654c5000-7f95654c8000 ---p 00000000 00:00 0 
7f95654c8000-7f95655cb000 rw-p 00000000 00:00 0                          [stack:8424]
7f95655cb000-7f95655cf000 r--s 00085000 08:01 693846                     /usr/lib/jvm/java-7-openjdk-common/jre/lib/ext/localedata.jar
7f95655cf000-7f95655d2000 r--s 0000f000 08:01 693848                     /usr/lib/jvm/java-7-openjdk-common/jre/lib/ext/pulse-java.jar
7f95655d2000-7f95655d4000 r--s 00012000 08:01 693850                     /usr/lib/jvm/java-7-openjdk-common/jre/lib/ext/zipfs.jar
7f95655d4000-7f95655d7000 r--s 0003c000 08:01 693845                     /usr/lib/jvm/java-7-openjdk-common/jre/lib/ext/sunpkcs11.jar
7f95655d7000-7f95655df000 rw-s 00000000 08:01 2239585                    /tmp/hsperfdata_victor/8423
7f95655df000-7f95655e0000 rw-p 00000000 00:00 0 
7f95655e0000-7f95655e1000 r--p 00000000 00:00 0 
7f95655e1000-7f95655e3000 rw-p 00000000 00:00 0 
7f95655e3000-7f95655e4000 r--p 00022000 08:01 2884516                    /lib/x86_64-linux-gnu/ld-2.17.so
7f95655e4000-7f95655e6000 rw-p 00023000 08:01 2884516                    /lib/x86_64-linux-gnu/ld-2.17.so
7fff22ea0000-7fff22ec1000 rw-p 00000000 00:00 0                          [stack]
7fff22ffe000-7fff23000000 r-xp 00000000 00:00 0                          [vdso]
ffffffffff600000-ffffffffff601000 r-xp 00000000 00:00 0                  [vsyscall]

VM Arguments:
jvm_args: -Xmx256M -Dgnu.java.awt.peer.gtk.Graphics=Graphics2D -Dfreemind.base.dir=/usr/share/freemind 
java_command: freemind.main.FreeMindStarter garcia-alvaro-crystal.mm
Launcher Type: SUN_STANDARD

Environment Variables:
JAVA_HOME=/usr/lib/jvm/java-7-openjdk-amd64
PATH=/usr/local/heroku/bin:/usr/lib/lightdm/lightdm:/usr/local/sbin:/usr/local/bin:/usr/sbin:/usr/bin:/sbin:/bin:/usr/games:/usr/local/games:/usr/lib/lightdm/lightdm:/usr/local/sbin:/usr/local/bin:/usr/sbin:/usr/bin:/sbin:/bin:/usr/games
SHELL=/bin/zsh
DISPLAY=:0

Signal Handlers:
SIGSEGV: [libjvm.so+0x84f410], sa_mask[0]=0x7ffbfeff, sa_flags=0x10000004
SIGBUS: [libjvm.so+0x84f410], sa_mask[0]=0x7ffbfeff, sa_flags=0x10000004
SIGFPE: [libjvm.so+0x6f19a0], sa_mask[0]=0x7ffbfeff, sa_flags=0x10000004
SIGPIPE: SIG_IGN, sa_mask[0]=0x00001000, sa_flags=0x10000000
SIGXFSZ: [libjvm.so+0x6f19a0], sa_mask[0]=0x7ffbfeff, sa_flags=0x10000004
SIGILL: [libjvm.so+0x6f19a0], sa_mask[0]=0x7ffbfeff, sa_flags=0x10000004
SIGUSR1: SIG_DFL, sa_mask[0]=0x00000000, sa_flags=0x00000000
SIGUSR2: [libjvm.so+0x6f1d70], sa_mask[0]=0x00000000, sa_flags=0x10000004
SIGHUP: [libjvm.so+0x6f1eb0], sa_mask[0]=0x7ffbfeff, sa_flags=0x10000004
SIGINT: [libjvm.so+0x6f1eb0], sa_mask[0]=0x7ffbfeff, sa_flags=0x10000004
SIGTERM: [libjvm.so+0x6f1eb0], sa_mask[0]=0x7ffbfeff, sa_flags=0x10000004
SIGQUIT: [libjvm.so+0x6f1eb0], sa_mask[0]=0x7ffbfeff, sa_flags=0x10000004


---------------  S Y S T E M  ---------------

OS:Ubuntu 13.04 (raring)
uname:Linux 3.8.0-33-generic #48-Ubuntu SMP Wed Oct 23 09:16:58 UTC 2013 x86_64
libc:glibc 2.17 NPTL 2.17 
rlimit: STACK 8192k, CORE 0k, NPROC 29303, NOFILE 4096, AS infinity
load average:2,36 2,09 1,39

/proc/meminfo:
MemTotal:        3769988 kB
MemFree:          159996 kB
Buffers:          127792 kB
Cached:          1897492 kB
SwapCached:          632 kB
Active:          1894028 kB
Inactive:        1441248 kB
Active(anon):     977460 kB
Inactive(anon):   347508 kB
Active(file):     916568 kB
Inactive(file):  1093740 kB
Unevictable:         112 kB
Mlocked:             112 kB
SwapTotal:       7811068 kB
SwapFree:        7810316 kB
Dirty:             75840 kB
Writeback:             0 kB
AnonPages:       1309744 kB
Mapped:           220120 kB
Shmem:             14756 kB
Slab:             169768 kB
SReclaimable:     140048 kB
SUnreclaim:        29720 kB
KernelStack:        4328 kB
PageTables:        39648 kB
NFS_Unstable:          0 kB
Bounce:                0 kB
WritebackTmp:          0 kB
CommitLimit:     9696060 kB
Committed_AS:    5262412 kB
VmallocTotal:   34359738367 kB
VmallocUsed:       94324 kB
VmallocChunk:   34359640180 kB
HardwareCorrupted:     0 kB
AnonHugePages:         0 kB
HugePages_Total:       0
HugePages_Free:        0
HugePages_Rsvd:        0
HugePages_Surp:        0
Hugepagesize:       2048 kB
DirectMap4k:       87040 kB
DirectMap2M:     3827712 kB
DirectMap1G:           0 kB


CPU:total 2 (2 cores per cpu, 1 threads per core) family 20 model 2 stepping 0, cmov, cx8, fxsr, mmx, sse, sse2, sse3, ssse3, popcnt, mmxext, lzcnt, sse4a, tsc, tscinvbit, tscinv

/proc/cpuinfo:
processor	: 0
vendor_id	: AuthenticAMD
cpu family	: 20
model		: 2
model name	: AMD C-60 APU with Radeon(tm) HD Graphics
stepping	: 0
microcode	: 0x500010d
cpu MHz		: 1000.000
cache size	: 512 KB
physical id	: 0
siblings	: 2
core id		: 0
cpu cores	: 2
apicid		: 0
initial apicid	: 0
fpu		: yes
fpu_exception	: yes
cpuid level	: 6
wp		: yes
flags		: fpu vme de pse tsc msr pae mce cx8 apic sep mtrr pge mca cmov pat pse36 clflush mmx fxsr sse sse2 ht syscall nx mmxext fxsr_opt pdpe1gb rdtscp lm constant_tsc rep_good nopl nonstop_tsc extd_apicid aperfmperf pni monitor ssse3 cx16 popcnt lahf_lm cmp_legacy svm extapic cr8_legacy abm sse4a misalignsse 3dnowprefetch ibs skinit wdt arat cpb hw_pstate npt lbrv svm_lock nrip_save pausefilter
bogomips	: 1995.06
TLB size	: 1024 4K pages
clflush size	: 64
cache_alignment	: 64
address sizes	: 36 bits physical, 48 bits virtual
power management: ts ttp tm stc 100mhzsteps hwpstate cpb

processor	: 1
vendor_id	: AuthenticAMD
cpu family	: 20
model		: 2
model name	: AMD C-60 APU with Radeon(tm) HD Graphics
stepping	: 0
microcode	: 0x500010d
cpu MHz		: 1000.000
cache size	: 512 KB
physical id	: 0
siblings	: 2
core id		: 1
cpu cores	: 2
apicid		: 1
initial apicid	: 1
fpu		: yes
fpu_exception	: yes
cpuid level	: 6
wp		: yes
flags		: fpu vme de pse tsc msr pae mce cx8 apic sep mtrr pge mca cmov pat pse36 clflush mmx fxsr sse sse2 ht syscall nx mmxext fxsr_opt pdpe1gb rdtscp lm constant_tsc rep_good nopl nonstop_tsc extd_apicid aperfmperf pni monitor ssse3 cx16 popcnt lahf_lm cmp_legacy svm extapic cr8_legacy abm sse4a misalignsse 3dnowprefetch ibs skinit wdt arat cpb hw_pstate npt lbrv svm_lock nrip_save pausefilter
bogomips	: 1995.06
TLB size	: 1024 4K pages
clflush size	: 64
cache_alignment	: 64
address sizes	: 36 bits physical, 48 bits virtual
power management: ts ttp tm stc 100mhzsteps hwpstate cpb



Memory: 4k page, physical 3769988k(159996k free), swap 7811068k(7810316k free)

vm_info: OpenJDK 64-Bit Server VM (23.7-b01) for linux-amd64 JRE (1.7.0_25-b30), built on Jul  3 2013 13:50:39 by "buildd" with gcc 4.7.3

time: Sun Jan  5 16:32:36 2014
elapsed time: 160 seconds

